TpTrace Verbose: 0 : 12556, 1, 2023/09/04, 07:29:01.965, 50397913062, vstest.console.dll, Version: 17.7.0-preview-23364-03+bc17bb9693cfc4778ded51aa0ab7f1065433f989 Current process architecture: X64
TpTrace Verbose: 0 : 12556, 1, 2023/09/04, 07:29:01.967, 50397927353, vstest.console.dll, Runtime location: C:\Program Files\dotnet\shared\Microsoft.NETCore.App\7.0.10
TpTrace Verbose: 0 : 12556, 1, 2023/09/04, 07:29:01.969, 50397950710, vstest.console.dll, ArtifactProcessingPostProcessModeProcessorExecutor.Initialize: ArtifactProcessingMode.Collect
TpTrace Verbose: 0 : 12556, 1, 2023/09/04, 07:29:01.969, 50397951770, vstest.console.dll, TestSessionCorrelationIdProcessorModeProcessorExecutor.Initialize: TestSessionCorrelationId '11748_c8a0075a-e54b-4457-a811-a12443e8549b'
TpTrace Information: 0 : 12556, 1, 2023/09/04, 07:29:01.976, 50398018562, vstest.console.dll, FilePatternParser: The given file D:\PROJECTS\.NET\ApplicationAPI\MemorialAPITest\bin\Debug\net6.0\fine-code-coverage\build-output\MemorialAPITest.dll is a full path.
TpTrace Verbose: 0 : 12556, 1, 2023/09/04, 07:29:01.980, 50398063746, vstest.console.dll, TestPluginCache.DiscoverTestExtensions: finding test extensions in assemblies ends with: RuntimeProvider.dll TPluginInfo: Microsoft.VisualStudio.TestPlatform.Common.ExtensionFramework.Utilities.TestRuntimePluginInformation TExtension: Microsoft.VisualStudio.TestPlatform.ObjectModel.Host.ITestRuntimeProvider
TpTrace Verbose: 0 : 12556, 1, 2023/09/04, 07:29:01.981, 50398066882, vstest.console.dll, TestPluginCache.GetExtensionPaths: Filtered extension paths: 
TpTrace Verbose: 0 : 12556, 1, 2023/09/04, 07:29:01.981, 50398067632, vstest.console.dll, TestPluginCache.GetExtensionPaths: Added default extension paths: C:\Program Files\dotnet\sdk\7.0.400\Extensions\Microsoft.Diagnostics.NETCore.Client.dll
C:\Program Files\dotnet\sdk\7.0.400\Extensions\Microsoft.TestPlatform.Extensions.BlameDataCollector.dll
C:\Program Files\dotnet\sdk\7.0.400\Extensions\Microsoft.TestPlatform.Extensions.EventLogCollector.dll
C:\Program Files\dotnet\sdk\7.0.400\Extensions\Microsoft.TestPlatform.TestHostRuntimeProvider.dll
C:\Program Files\dotnet\sdk\7.0.400\Extensions\Microsoft.VisualStudio.TestPlatform.Extensions.Html.TestLogger.dll
C:\Program Files\dotnet\sdk\7.0.400\Extensions\Microsoft.VisualStudio.TestPlatform.Extensions.Trx.TestLogger.dll
TpTrace Verbose: 0 : 12556, 1, 2023/09/04, 07:29:01.981, 50398067965, vstest.console.dll, TestPluginCache.GetExtensionPaths: Added unfilterableExtensionPaths: 
TpTrace Information: 0 : 12556, 1, 2023/09/04, 07:29:01.981, 50398073433, vstest.console.dll, AssemblyResolver.ctor: Creating AssemblyResolver with searchDirectories C:\Program Files\dotnet\sdk\7.0.400\Extensions,C:\Program Files\dotnet\sdk\7.0.400
TpTrace Verbose: 0 : 12556, 1, 2023/09/04, 07:29:01.982, 50398084391, vstest.console.dll, TestPluginCache.DiscoverTestExtensions: Discovering the extensions using extension path.
TpTrace Verbose: 0 : 12556, 1, 2023/09/04, 07:29:01.982, 50398085349, vstest.console.dll, TestPluginCache.GetExtensionPaths: Filtered extension paths: 
TpTrace Verbose: 0 : 12556, 1, 2023/09/04, 07:29:01.983, 50398085762, vstest.console.dll, TestPluginCache.GetExtensionPaths: Added default extension paths: C:\Program Files\dotnet\sdk\7.0.400\Extensions\Microsoft.Diagnostics.NETCore.Client.dll
C:\Program Files\dotnet\sdk\7.0.400\Extensions\Microsoft.TestPlatform.Extensions.BlameDataCollector.dll
C:\Program Files\dotnet\sdk\7.0.400\Extensions\Microsoft.TestPlatform.Extensions.EventLogCollector.dll
C:\Program Files\dotnet\sdk\7.0.400\Extensions\Microsoft.TestPlatform.TestHostRuntimeProvider.dll
C:\Program Files\dotnet\sdk\7.0.400\Extensions\Microsoft.VisualStudio.TestPlatform.Extensions.Html.TestLogger.dll
C:\Program Files\dotnet\sdk\7.0.400\Extensions\Microsoft.VisualStudio.TestPlatform.Extensions.Trx.TestLogger.dll
TpTrace Verbose: 0 : 12556, 1, 2023/09/04, 07:29:01.983, 50398086025, vstest.console.dll, TestPluginCache.GetExtensionPaths: Added unfilterableExtensionPaths: 
TpTrace Verbose: 0 : 12556, 1, 2023/09/04, 07:29:01.983, 50398086869, vstest.console.dll, TestPluginCache.DiscoverTestExtensions: Discovering the extensions using allExtensionPaths: C:\Program Files\dotnet\sdk\7.0.400\Extensions\Microsoft.Diagnostics.NETCore.Client.dll
C:\Program Files\dotnet\sdk\7.0.400\Extensions\Microsoft.TestPlatform.Extensions.BlameDataCollector.dll
C:\Program Files\dotnet\sdk\7.0.400\Extensions\Microsoft.TestPlatform.Extensions.EventLogCollector.dll
C:\Program Files\dotnet\sdk\7.0.400\Extensions\Microsoft.TestPlatform.TestHostRuntimeProvider.dll
C:\Program Files\dotnet\sdk\7.0.400\Extensions\Microsoft.VisualStudio.TestPlatform.Extensions.Html.TestLogger.dll
C:\Program Files\dotnet\sdk\7.0.400\Extensions\Microsoft.VisualStudio.TestPlatform.Extensions.Trx.TestLogger.dll
TpTrace Information: 0 : 12556, 1, 2023/09/04, 07:29:01.983, 50398088228, vstest.console.dll, AssemblyResolver.AddSearchDirectories: Adding more searchDirectories C:\Program Files\dotnet\sdk\7.0.400\Extensions,C:\Program Files\dotnet\sdk\7.0.400
TpTrace Information: 0 : 12556, 1, 2023/09/04, 07:29:01.983, 50398088888, vstest.console.dll, AssemblyResolver.AddSearchDirectories: Adding more searchDirectories C:\Program Files\dotnet\sdk\7.0.400\Extensions,C:\Program Files\dotnet\sdk\7.0.400
TpTrace Information: 0 : 12556, 1, 2023/09/04, 07:29:01.983, 50398089219, vstest.console.dll, AssemblyResolver.AddSearchDirectories: Adding more searchDirectories C:\Program Files\dotnet\sdk\7.0.400\Extensions,C:\Program Files\dotnet\sdk\7.0.400
TpTrace Information: 0 : 12556, 1, 2023/09/04, 07:29:01.983, 50398089485, vstest.console.dll, AssemblyResolver.AddSearchDirectories: Adding more searchDirectories C:\Program Files\dotnet\sdk\7.0.400\Extensions,C:\Program Files\dotnet\sdk\7.0.400
TpTrace Information: 0 : 12556, 1, 2023/09/04, 07:29:01.983, 50398089784, vstest.console.dll, AssemblyResolver.AddSearchDirectories: Adding more searchDirectories C:\Program Files\dotnet\sdk\7.0.400\Extensions,C:\Program Files\dotnet\sdk\7.0.400
TpTrace Information: 0 : 12556, 1, 2023/09/04, 07:29:01.983, 50398090049, vstest.console.dll, AssemblyResolver.AddSearchDirectories: Adding more searchDirectories C:\Program Files\dotnet\sdk\7.0.400\Extensions,C:\Program Files\dotnet\sdk\7.0.400
TpTrace Information: 0 : 12556, 1, 2023/09/04, 07:29:01.983, 50398093487, vstest.console.dll, AssemblyResolver.OnResolve: Microsoft.Diagnostics.NETCore.Client: Resolving assembly.
TpTrace Information: 0 : 12556, 1, 2023/09/04, 07:29:01.983, 50398094129, vstest.console.dll, AssemblyResolver.OnResolve: Microsoft.Diagnostics.NETCore.Client: Searching in: 'C:\Program Files\dotnet\sdk\7.0.400\Extensions'.
TpTrace Information: 0 : 12556, 1, 2023/09/04, 07:29:01.990, 50398161183, vstest.console.dll, AssemblyResolver.OnResolve: Microsoft.Diagnostics.NETCore.Client: Loading assembly 'C:\Program Files\dotnet\sdk\7.0.400\Extensions\Microsoft.Diagnostics.NETCore.Client.dll'.
TpTrace Information: 0 : 12556, 1, 2023/09/04, 07:29:01.991, 50398166825, vstest.console.dll, AssemblyResolver.OnResolve: Resolved assembly: Microsoft.Diagnostics.NETCore.Client, from path: C:\Program Files\dotnet\sdk\7.0.400\Extensions\Microsoft.Diagnostics.NETCore.Client.dll
TpTrace Verbose: 0 : 12556, 1, 2023/09/04, 07:29:01.992, 50398176204, vstest.console.dll, MetadataReaderExtensionsHelper: Discovering extensions inside assembly 'Microsoft.Diagnostics.NETCore.Client, Version=0.2.8.21101, Culture=neutral, PublicKeyToken=31bf3856ad364e35' file path 'C:\Program Files\dotnet\sdk\7.0.400\Extensions\Microsoft.Diagnostics.NETCore.Client.dll'
TpTrace Information: 0 : 12556, 1, 2023/09/04, 07:29:01.995, 50398210750, vstest.console.dll, AssemblyResolver.OnResolve: Microsoft.Bcl.AsyncInterfaces: Resolving assembly.
TpTrace Information: 0 : 12556, 1, 2023/09/04, 07:29:01.995, 50398211327, vstest.console.dll, AssemblyResolver.OnResolve: Microsoft.Bcl.AsyncInterfaces: Searching in: 'C:\Program Files\dotnet\sdk\7.0.400\Extensions'.
TpTrace Information: 0 : 12556, 1, 2023/09/04, 07:29:01.995, 50398212009, vstest.console.dll, AssemblyResolver.OnResolve: Microsoft.Bcl.AsyncInterfaces: Assembly path does not exist: 'C:\Program Files\dotnet\sdk\7.0.400\Extensions\Microsoft.Bcl.AsyncInterfaces.dll', returning.
TpTrace Information: 0 : 12556, 1, 2023/09/04, 07:29:01.995, 50398212993, vstest.console.dll, AssemblyResolver.OnResolve: Microsoft.Bcl.AsyncInterfaces: Assembly path does not exist: 'C:\Program Files\dotnet\sdk\7.0.400\Extensions\Microsoft.Bcl.AsyncInterfaces.exe', returning.
TpTrace Information: 0 : 12556, 1, 2023/09/04, 07:29:01.995, 50398213303, vstest.console.dll, AssemblyResolver.OnResolve: Microsoft.Bcl.AsyncInterfaces: Searching in: 'C:\Program Files\dotnet\sdk\7.0.400'.
TpTrace Information: 0 : 12556, 1, 2023/09/04, 07:29:01.995, 50398213834, vstest.console.dll, AssemblyResolver.OnResolve: Microsoft.Bcl.AsyncInterfaces: Assembly path does not exist: 'C:\Program Files\dotnet\sdk\7.0.400\Microsoft.Bcl.AsyncInterfaces.dll', returning.
TpTrace Information: 0 : 12556, 1, 2023/09/04, 07:29:01.995, 50398214363, vstest.console.dll, AssemblyResolver.OnResolve: Microsoft.Bcl.AsyncInterfaces: Assembly path does not exist: 'C:\Program Files\dotnet\sdk\7.0.400\Microsoft.Bcl.AsyncInterfaces.exe', returning.
TpTrace Information: 0 : 12556, 1, 2023/09/04, 07:29:01.995, 50398214636, vstest.console.dll, AssemblyResolver.OnResolve: Microsoft.Bcl.AsyncInterfaces: Failed to load assembly.
TpTrace Verbose: 0 : 12556, 1, 2023/09/04, 07:29:01.995, 50398214994, vstest.console.dll, CurrentDomainAssemblyResolve: Resolving assembly 'Microsoft.Bcl.AsyncInterfaces'.
TpTrace Information: 0 : 12556, 1, 2023/09/04, 07:29:01.995, 50398215456, vstest.console.dll, AssemblyResolver.OnResolve: Microsoft.Bcl.AsyncInterfaces: Resolving assembly.
TpTrace Information: 0 : 12556, 1, 2023/09/04, 07:29:01.996, 50398215781, vstest.console.dll, AssemblyResolver.OnResolve: Microsoft.Bcl.AsyncInterfaces: Resolved from cache.
TpTrace Verbose: 0 : 12556, 1, 2023/09/04, 07:29:01.996, 50398216018, vstest.console.dll, CurrentDomainAssemblyResolve: Resolving assembly 'Microsoft.Bcl.AsyncInterfaces'.
TpTrace Verbose: 0 : 12556, 1, 2023/09/04, 07:29:01.996, 50398216301, vstest.console.dll, CurrentDomainAssemblyResolve: Failed to resolve assembly 'Microsoft.Bcl.AsyncInterfaces'.
TpTrace Verbose: 0 : 12556, 1, 2023/09/04, 07:29:01.996, 50398223210, vstest.console.dll, CurrentDomainAssemblyResolve: Failed to resolve assembly 'Microsoft.Bcl.AsyncInterfaces'.
TpTrace Warning: 0 : 12556, 1, 2023/09/04, 07:29:02.005, 50398306027, vstest.console.dll, TestPluginDiscoverer: Failed to get types from assembly 'Microsoft.Diagnostics.NETCore.Client, Version=0.2.8.21101, Culture=neutral, PublicKeyToken=31bf3856ad364e35'. Error: System.Reflection.ReflectionTypeLoadException: Unable to load one or more of the requested types.
Could not load file or assembly 'Microsoft.Bcl.AsyncInterfaces, Version=1.0.0.0, Culture=neutral, PublicKeyToken=cc7b13ffcd2ddd51'. The system cannot find the file specified.
   at System.Reflection.RuntimeModule.GetTypes(RuntimeModule module)
   at System.Reflection.Assembly.GetTypes()
   at Microsoft.VisualStudio.TestPlatform.Common.ExtensionFramework.TestPluginDiscoverer.GetTestExtensionsFromAssembly[TPluginInfo,TExtension](Assembly assembly, Dictionary`2 pluginInfos, String filePath) in /_/src/Microsoft.TestPlatform.Common/ExtensionFramework/TestPluginDiscoverer.cs:line 158
System.IO.FileNotFoundException: Could not load file or assembly 'Microsoft.Bcl.AsyncInterfaces, Version=1.0.0.0, Culture=neutral, PublicKeyToken=cc7b13ffcd2ddd51'. The system cannot find the file specified.
File name: 'Microsoft.Bcl.AsyncInterfaces, Version=1.0.0.0, Culture=neutral, PublicKeyToken=cc7b13ffcd2ddd51'
 ---> System.IO.FileNotFoundException: Could not load file or assembly 'Microsoft.Bcl.AsyncInterfaces, Culture=neutral, PublicKeyToken=null'. The system cannot find the file specified.
File name: 'Microsoft.Bcl.AsyncInterfaces, Culture=neutral, PublicKeyToken=null'
   at System.Reflection.RuntimeAssembly.InternalLoad(AssemblyName assemblyName, StackCrawlMark& stackMark, AssemblyLoadContext assemblyLoadContext, RuntimeAssembly requestingAssembly, Boolean throwOnFileNotFound)
   at System.Reflection.Assembly.Load(AssemblyName assemblyRef)
   at Microsoft.VisualStudio.TestPlatform.Common.ExtensionFramework.TestPluginCache.CurrentDomainAssemblyResolve(Object sender, AssemblyResolveEventArgs args) in /_/src/Microsoft.TestPlatform.Common/ExtensionFramework/TestPluginCache.cs:line 513
   at System.Runtime.Loader.AssemblyLoadContext.GetFirstResolvedAssemblyFromResolvingEvent(AssemblyName assemblyName)
   at System.Runtime.Loader.AssemblyLoadContext.ResolveUsingEvent(AssemblyName assemblyName)
   at System.Runtime.Loader.AssemblyLoadContext.ResolveUsingResolvingEvent(IntPtr gchManagedAssemblyLoadContext, AssemblyName assemblyName)
TpTrace Warning: 0 : 12556, 1, 2023/09/04, 07:29:02.005, 50398309667, vstest.console.dll, LoaderExceptions: System.IO.FileNotFoundException: Could not load file or assembly 'Microsoft.Bcl.AsyncInterfaces, Version=1.0.0.0, Culture=neutral, PublicKeyToken=cc7b13ffcd2ddd51'. The system cannot find the file specified.
File name: 'Microsoft.Bcl.AsyncInterfaces, Version=1.0.0.0, Culture=neutral, PublicKeyToken=cc7b13ffcd2ddd51'
 ---> System.IO.FileNotFoundException: Could not load file or assembly 'Microsoft.Bcl.AsyncInterfaces, Culture=neutral, PublicKeyToken=null'. The system cannot find the file specified.
File name: 'Microsoft.Bcl.AsyncInterfaces, Culture=neutral, PublicKeyToken=null'
   at System.Reflection.RuntimeAssembly.InternalLoad(AssemblyName assemblyName, StackCrawlMark& stackMark, AssemblyLoadContext assemblyLoadContext, RuntimeAssembly requestingAssembly, Boolean throwOnFileNotFound)
   at System.Reflection.Assembly.Load(AssemblyName assemblyRef)
   at Microsoft.VisualStudio.TestPlatform.Common.ExtensionFramework.TestPluginCache.CurrentDomainAssemblyResolve(Object sender, AssemblyResolveEventArgs args) in /_/src/Microsoft.TestPlatform.Common/ExtensionFramework/TestPluginCache.cs:line 513
   at System.Runtime.Loader.AssemblyLoadContext.GetFirstResolvedAssemblyFromResolvingEvent(AssemblyName assemblyName)
   at System.Runtime.Loader.AssemblyLoadContext.ResolveUsingEvent(AssemblyName assemblyName)
   at System.Runtime.Loader.AssemblyLoadContext.ResolveUsingResolvingEvent(IntPtr gchManagedAssemblyLoadContext, AssemblyName assemblyName)
TpTrace Information: 0 : 12556, 1, 2023/09/04, 07:29:02.005, 50398310949, vstest.console.dll, AssemblyResolver.OnResolve: Microsoft.TestPlatform.Extensions.BlameDataCollector: Resolving assembly.
TpTrace Information: 0 : 12556, 1, 2023/09/04, 07:29:02.005, 50398311322, vstest.console.dll, AssemblyResolver.OnResolve: Microsoft.TestPlatform.Extensions.BlameDataCollector: Searching in: 'C:\Program Files\dotnet\sdk\7.0.400\Extensions'.
TpTrace Information: 0 : 12556, 1, 2023/09/04, 07:29:02.005, 50398315492, vstest.console.dll, AssemblyResolver.OnResolve: Microsoft.TestPlatform.Extensions.BlameDataCollector: Loading assembly 'C:\Program Files\dotnet\sdk\7.0.400\Extensions\Microsoft.TestPlatform.Extensions.BlameDataCollector.dll'.
TpTrace Information: 0 : 12556, 1, 2023/09/04, 07:29:02.006, 50398319575, vstest.console.dll, AssemblyResolver.OnResolve: Resolved assembly: Microsoft.TestPlatform.Extensions.BlameDataCollector, from path: C:\Program Files\dotnet\sdk\7.0.400\Extensions\Microsoft.TestPlatform.Extensions.BlameDataCollector.dll
TpTrace Verbose: 0 : 12556, 1, 2023/09/04, 07:29:02.006, 50398320210, vstest.console.dll, MetadataReaderExtensionsHelper: Discovering extensions inside assembly 'Microsoft.TestPlatform.Extensions.BlameDataCollector, Version=15.0.0.0, Culture=neutral, PublicKeyToken=b03f5f7f11d50a3a' file path 'C:\Program Files\dotnet\sdk\7.0.400\Extensions\Microsoft.TestPlatform.Extensions.BlameDataCollector.dll'
TpTrace Information: 0 : 12556, 1, 2023/09/04, 07:29:02.007, 50398333890, vstest.console.dll, AssemblyResolver.OnResolve: Microsoft.TestPlatform.Extensions.EventLogCollector: Resolving assembly.
TpTrace Information: 0 : 12556, 1, 2023/09/04, 07:29:02.007, 50398334413, vstest.console.dll, AssemblyResolver.OnResolve: Microsoft.TestPlatform.Extensions.EventLogCollector: Searching in: 'C:\Program Files\dotnet\sdk\7.0.400\Extensions'.
TpTrace Information: 0 : 12556, 1, 2023/09/04, 07:29:02.008, 50398337987, vstest.console.dll, AssemblyResolver.OnResolve: Microsoft.TestPlatform.Extensions.EventLogCollector: Loading assembly 'C:\Program Files\dotnet\sdk\7.0.400\Extensions\Microsoft.TestPlatform.Extensions.EventLogCollector.dll'.
TpTrace Information: 0 : 12556, 1, 2023/09/04, 07:29:02.008, 50398341329, vstest.console.dll, AssemblyResolver.OnResolve: Resolved assembly: Microsoft.TestPlatform.Extensions.EventLogCollector, from path: C:\Program Files\dotnet\sdk\7.0.400\Extensions\Microsoft.TestPlatform.Extensions.EventLogCollector.dll
TpTrace Verbose: 0 : 12556, 1, 2023/09/04, 07:29:02.008, 50398341918, vstest.console.dll, MetadataReaderExtensionsHelper: Discovering extensions inside assembly 'Microsoft.TestPlatform.Extensions.EventLogCollector, Version=15.0.0.0, Culture=neutral, PublicKeyToken=b03f5f7f11d50a3a' file path 'C:\Program Files\dotnet\sdk\7.0.400\Extensions\Microsoft.TestPlatform.Extensions.EventLogCollector.dll'
TpTrace Information: 0 : 12556, 1, 2023/09/04, 07:29:02.010, 50398358985, vstest.console.dll, AssemblyResolver.OnResolve: Microsoft.TestPlatform.TestHostRuntimeProvider: Resolving assembly.
TpTrace Information: 0 : 12556, 1, 2023/09/04, 07:29:02.010, 50398359511, vstest.console.dll, AssemblyResolver.OnResolve: Microsoft.TestPlatform.TestHostRuntimeProvider: Searching in: 'C:\Program Files\dotnet\sdk\7.0.400\Extensions'.
TpTrace Information: 0 : 12556, 1, 2023/09/04, 07:29:02.010, 50398362311, vstest.console.dll, AssemblyResolver.OnResolve: Microsoft.TestPlatform.TestHostRuntimeProvider: Loading assembly 'C:\Program Files\dotnet\sdk\7.0.400\Extensions\Microsoft.TestPlatform.TestHostRuntimeProvider.dll'.
TpTrace Information: 0 : 12556, 1, 2023/09/04, 07:29:02.010, 50398365572, vstest.console.dll, AssemblyResolver.OnResolve: Resolved assembly: Microsoft.TestPlatform.TestHostRuntimeProvider, from path: C:\Program Files\dotnet\sdk\7.0.400\Extensions\Microsoft.TestPlatform.TestHostRuntimeProvider.dll
TpTrace Verbose: 0 : 12556, 1, 2023/09/04, 07:29:02.011, 50398366088, vstest.console.dll, MetadataReaderExtensionsHelper: Discovering extensions inside assembly 'Microsoft.TestPlatform.TestHostRuntimeProvider, Version=15.0.0.0, Culture=neutral, PublicKeyToken=b03f5f7f11d50a3a' file path 'C:\Program Files\dotnet\sdk\7.0.400\Extensions\Microsoft.TestPlatform.TestHostRuntimeProvider.dll'
TpTrace Information: 0 : 12556, 1, 2023/09/04, 07:29:02.012, 50398381160, vstest.console.dll, GetTestExtensionFromType: Register extension with identifier data 'HostProvider://DefaultTestHost' and type 'Microsoft.VisualStudio.TestPlatform.CrossPlatEngine.Hosting.DefaultTestHostManager, Microsoft.TestPlatform.TestHostRuntimeProvider, Version=15.0.0.0, Culture=neutral, PublicKeyToken=b03f5f7f11d50a3a' inside file 'C:\Program Files\dotnet\sdk\7.0.400\Extensions\Microsoft.TestPlatform.TestHostRuntimeProvider.dll'
TpTrace Information: 0 : 12556, 1, 2023/09/04, 07:29:02.012, 50398383209, vstest.console.dll, GetTestExtensionFromType: Register extension with identifier data 'HostProvider://DotnetTestHost' and type 'Microsoft.VisualStudio.TestPlatform.CrossPlatEngine.Hosting.DotnetTestHostManager, Microsoft.TestPlatform.TestHostRuntimeProvider, Version=15.0.0.0, Culture=neutral, PublicKeyToken=b03f5f7f11d50a3a' inside file 'C:\Program Files\dotnet\sdk\7.0.400\Extensions\Microsoft.TestPlatform.TestHostRuntimeProvider.dll'
TpTrace Information: 0 : 12556, 1, 2023/09/04, 07:29:02.012, 50398383803, vstest.console.dll, AssemblyResolver.OnResolve: Microsoft.VisualStudio.TestPlatform.Extensions.Html.TestLogger: Resolving assembly.
TpTrace Information: 0 : 12556, 1, 2023/09/04, 07:29:02.012, 50398384148, vstest.console.dll, AssemblyResolver.OnResolve: Microsoft.VisualStudio.TestPlatform.Extensions.Html.TestLogger: Searching in: 'C:\Program Files\dotnet\sdk\7.0.400\Extensions'.
TpTrace Information: 0 : 12556, 1, 2023/09/04, 07:29:02.013, 50398387101, vstest.console.dll, AssemblyResolver.OnResolve: Microsoft.VisualStudio.TestPlatform.Extensions.Html.TestLogger: Loading assembly 'C:\Program Files\dotnet\sdk\7.0.400\Extensions\Microsoft.VisualStudio.TestPlatform.Extensions.Html.TestLogger.dll'.
TpTrace Information: 0 : 12556, 1, 2023/09/04, 07:29:02.013, 50398390597, vstest.console.dll, AssemblyResolver.OnResolve: Resolved assembly: Microsoft.VisualStudio.TestPlatform.Extensions.Html.TestLogger, from path: C:\Program Files\dotnet\sdk\7.0.400\Extensions\Microsoft.VisualStudio.TestPlatform.Extensions.Html.TestLogger.dll
TpTrace Verbose: 0 : 12556, 1, 2023/09/04, 07:29:02.013, 50398391123, vstest.console.dll, MetadataReaderExtensionsHelper: Discovering extensions inside assembly 'Microsoft.VisualStudio.TestPlatform.Extensions.Html.TestLogger, Version=15.0.0.0, Culture=neutral, PublicKeyToken=b03f5f7f11d50a3a' file path 'C:\Program Files\dotnet\sdk\7.0.400\Extensions\Microsoft.VisualStudio.TestPlatform.Extensions.Html.TestLogger.dll'
TpTrace Information: 0 : 12556, 1, 2023/09/04, 07:29:02.014, 50398397679, vstest.console.dll, AssemblyResolver.OnResolve: Microsoft.VisualStudio.TestPlatform.Extensions.Trx.TestLogger: Resolving assembly.
TpTrace Information: 0 : 12556, 1, 2023/09/04, 07:29:02.014, 50398398127, vstest.console.dll, AssemblyResolver.OnResolve: Microsoft.VisualStudio.TestPlatform.Extensions.Trx.TestLogger: Searching in: 'C:\Program Files\dotnet\sdk\7.0.400\Extensions'.
TpTrace Information: 0 : 12556, 1, 2023/09/04, 07:29:02.014, 50398401196, vstest.console.dll, AssemblyResolver.OnResolve: Microsoft.VisualStudio.TestPlatform.Extensions.Trx.TestLogger: Loading assembly 'C:\Program Files\dotnet\sdk\7.0.400\Extensions\Microsoft.VisualStudio.TestPlatform.Extensions.Trx.TestLogger.dll'.
TpTrace Information: 0 : 12556, 1, 2023/09/04, 07:29:02.014, 50398404809, vstest.console.dll, AssemblyResolver.OnResolve: Resolved assembly: Microsoft.VisualStudio.TestPlatform.Extensions.Trx.TestLogger, from path: C:\Program Files\dotnet\sdk\7.0.400\Extensions\Microsoft.VisualStudio.TestPlatform.Extensions.Trx.TestLogger.dll
TpTrace Verbose: 0 : 12556, 1, 2023/09/04, 07:29:02.014, 50398405330, vstest.console.dll, MetadataReaderExtensionsHelper: Discovering extensions inside assembly 'Microsoft.VisualStudio.TestPlatform.Extensions.Trx.TestLogger, Version=15.0.0.0, Culture=neutral, PublicKeyToken=b03f5f7f11d50a3a' file path 'C:\Program Files\dotnet\sdk\7.0.400\Extensions\Microsoft.VisualStudio.TestPlatform.Extensions.Trx.TestLogger.dll'
TpTrace Verbose: 0 : 12556, 1, 2023/09/04, 07:29:02.015, 50398414280, vstest.console.dll, TestPluginCache: Discovered the extensions using extension path ''.
TpTrace Verbose: 0 : 12556, 1, 2023/09/04, 07:29:02.015, 50398414763, vstest.console.dll, TestPluginCache: Discoverers are ''.
TpTrace Verbose: 0 : 12556, 1, 2023/09/04, 07:29:02.015, 50398415011, vstest.console.dll, TestPluginCache: Executors are ''.
TpTrace Verbose: 0 : 12556, 1, 2023/09/04, 07:29:02.015, 50398415226, vstest.console.dll, TestPluginCache: Executors2 are ''.
TpTrace Verbose: 0 : 12556, 1, 2023/09/04, 07:29:02.015, 50398415434, vstest.console.dll, TestPluginCache: Setting providers are ''.
TpTrace Verbose: 0 : 12556, 1, 2023/09/04, 07:29:02.015, 50398415690, vstest.console.dll, TestPluginCache: Loggers are ''.
TpTrace Verbose: 0 : 12556, 1, 2023/09/04, 07:29:02.016, 50398416674, vstest.console.dll, TestPluginCache: TestHosts are 'HostProvider://DefaultTestHost,HostProvider://DotnetTestHost'.
TpTrace Verbose: 0 : 12556, 1, 2023/09/04, 07:29:02.016, 50398416996, vstest.console.dll, TestPluginCache: DataCollectors are ''.
TpTrace Information: 0 : 12556, 1, 2023/09/04, 07:29:02.024, 50398501566, vstest.console.dll, RunTestsArgumentProcessor:Execute: Test run is starting.
TpTrace Verbose: 0 : 12556, 1, 2023/09/04, 07:29:02.024, 50398502296, vstest.console.dll, RunTestsArgumentProcessor:Execute: Queuing Test run.
TpTrace Information: 0 : 12556, 1, 2023/09/04, 07:29:02.024, 50398504148, vstest.console.dll, TestRequestManager.RunTests: run tests started.
TpTrace Information: 0 : 12556, 1, 2023/09/04, 07:29:02.025, 50398513166, vstest.console.dll, AssemblyMetadataProvider.GetFrameworkName: Determined framework:'.NETCoreApp,Version=v6.0' for source: 'D:\PROJECTS\.NET\ApplicationAPI\MemorialAPITest\bin\Debug\net6.0\fine-code-coverage\build-output\MemorialAPITest.dll'
TpTrace Information: 0 : 12556, 1, 2023/09/04, 07:29:02.025, 50398514507, vstest.console.dll, Determined framework for all sources: .NETCoreApp,Version=v6.0
TpTrace Verbose: 0 : 12556, 1, 2023/09/04, 07:29:02.026, 50398517846, vstest.console.dll, TestRequestManager.UpdateRunSettingsIfRequired: Default architecture: X64 IsDefaultTargetArchitecture: True, Current process architecture: X64 OperatingSystem: Windows.
TpTrace Information: 0 : 12556, 1, 2023/09/04, 07:29:02.027, 50398532106, vstest.console.dll, AssemblyMetadataProvider.GetArchitecture: Determined architecture:AnyCPU info for assembly: D:\PROJECTS\.NET\ApplicationAPI\MemorialAPITest\bin\Debug\net6.0\fine-code-coverage\build-output\MemorialAPITest.dll
TpTrace Information: 0 : 12556, 1, 2023/09/04, 07:29:02.027, 50398532523, vstest.console.dll, Determined platform for source 'D:\PROJECTS\.NET\ApplicationAPI\MemorialAPITest\bin\Debug\net6.0\fine-code-coverage\build-output\MemorialAPITest.dll' was AnyCPU and it will use the default plaform X64.
TpTrace Information: 0 : 12556, 1, 2023/09/04, 07:29:02.027, 50398532850, vstest.console.dll, None of the sources provided any runnable platform, using the default platform: X64
TpTrace Information: 0 : 12556, 1, 2023/09/04, 07:29:02.027, 50398533430, vstest.console.dll, Platform was updated to 'X64'.
TpTrace Information: 0 : 12556, 1, 2023/09/04, 07:29:02.030, 50398559915, vstest.console.dll, InferRunSettingsHelper.IsTestSettingsEnabled: Unable to navigate to RunSettings/MSTest. Current node: RunSettings
TpTrace Information: 0 : 12556, 1, 2023/09/04, 07:29:02.030, 50398564736, vstest.console.dll, AssemblyResolver.OnResolve: Microsoft.VisualStudio.TestPlatform.Fakes: Resolving assembly.
TpTrace Information: 0 : 12556, 1, 2023/09/04, 07:29:02.030, 50398565243, vstest.console.dll, AssemblyResolver.OnResolve: Microsoft.VisualStudio.TestPlatform.Fakes: Searching in: 'C:\Program Files\dotnet\sdk\7.0.400\Extensions'.
TpTrace Information: 0 : 12556, 1, 2023/09/04, 07:29:02.031, 50398566043, vstest.console.dll, AssemblyResolver.OnResolve: Microsoft.VisualStudio.TestPlatform.Fakes: Assembly path does not exist: 'C:\Program Files\dotnet\sdk\7.0.400\Extensions\Microsoft.VisualStudio.TestPlatform.Fakes.dll', returning.
TpTrace Information: 0 : 12556, 1, 2023/09/04, 07:29:02.031, 50398566621, vstest.console.dll, AssemblyResolver.OnResolve: Microsoft.VisualStudio.TestPlatform.Fakes: Assembly path does not exist: 'C:\Program Files\dotnet\sdk\7.0.400\Extensions\Microsoft.VisualStudio.TestPlatform.Fakes.exe', returning.
TpTrace Information: 0 : 12556, 1, 2023/09/04, 07:29:02.031, 50398566895, vstest.console.dll, AssemblyResolver.OnResolve: Microsoft.VisualStudio.TestPlatform.Fakes: Searching in: 'C:\Program Files\dotnet\sdk\7.0.400'.
TpTrace Information: 0 : 12556, 1, 2023/09/04, 07:29:02.031, 50398567477, vstest.console.dll, AssemblyResolver.OnResolve: Microsoft.VisualStudio.TestPlatform.Fakes: Assembly path does not exist: 'C:\Program Files\dotnet\sdk\7.0.400\Microsoft.VisualStudio.TestPlatform.Fakes.dll', returning.
TpTrace Information: 0 : 12556, 1, 2023/09/04, 07:29:02.031, 50398568038, vstest.console.dll, AssemblyResolver.OnResolve: Microsoft.VisualStudio.TestPlatform.Fakes: Assembly path does not exist: 'C:\Program Files\dotnet\sdk\7.0.400\Microsoft.VisualStudio.TestPlatform.Fakes.exe', returning.
TpTrace Information: 0 : 12556, 1, 2023/09/04, 07:29:02.031, 50398568345, vstest.console.dll, AssemblyResolver.OnResolve: Microsoft.VisualStudio.TestPlatform.Fakes: Failed to load assembly.
TpTrace Information: 0 : 12556, 1, 2023/09/04, 07:29:02.031, 50398570469, vstest.console.dll, Failed to load assembly Microsoft.VisualStudio.TestPlatform.Fakes, Version=17.0.0.0, Culture=neutral. Reason:System.IO.FileNotFoundException: Could not load file or assembly 'Microsoft.VisualStudio.TestPlatform.Fakes, Version=17.0.0.0, Culture=neutral, PublicKeyToken=null'. The system cannot find the file specified.
File name: 'Microsoft.VisualStudio.TestPlatform.Fakes, Version=17.0.0.0, Culture=neutral, PublicKeyToken=null'
   at System.Reflection.RuntimeAssembly.InternalLoad(AssemblyName assemblyName, StackCrawlMark& stackMark, AssemblyLoadContext assemblyLoadContext, RuntimeAssembly requestingAssembly, Boolean throwOnFileNotFound)
   at System.Reflection.Assembly.Load(AssemblyName assemblyRef)
   at Microsoft.VisualStudio.TestPlatform.Common.Utilities.FakesUtilities.LoadTestPlatformAssembly() in /_/src/Microsoft.TestPlatform.Common/Utilities/FakesUtilities.cs:line 272
TpTrace Verbose: 0 : 12556, 1, 2023/09/04, 07:29:02.033, 50398594454, vstest.console.dll, TestPluginCache.DiscoverTestExtensions: finding test extensions in assemblies ends with: TestLogger.dll TPluginInfo: Microsoft.VisualStudio.TestPlatform.Common.ExtensionFramework.Utilities.TestLoggerPluginInformation TExtension: Microsoft.VisualStudio.TestPlatform.ObjectModel.Client.ITestLogger
TpTrace Verbose: 0 : 12556, 1, 2023/09/04, 07:29:02.033, 50398595152, vstest.console.dll, TestPluginCache.GetExtensionPaths: Filtered extension paths: 
TpTrace Verbose: 0 : 12556, 1, 2023/09/04, 07:29:02.033, 50398595459, vstest.console.dll, TestPluginCache.GetExtensionPaths: Added default extension paths: C:\Program Files\dotnet\sdk\7.0.400\Extensions\Microsoft.Diagnostics.NETCore.Client.dll
C:\Program Files\dotnet\sdk\7.0.400\Extensions\Microsoft.TestPlatform.Extensions.BlameDataCollector.dll
C:\Program Files\dotnet\sdk\7.0.400\Extensions\Microsoft.TestPlatform.Extensions.EventLogCollector.dll
C:\Program Files\dotnet\sdk\7.0.400\Extensions\Microsoft.TestPlatform.TestHostRuntimeProvider.dll
C:\Program Files\dotnet\sdk\7.0.400\Extensions\Microsoft.VisualStudio.TestPlatform.Extensions.Html.TestLogger.dll
C:\Program Files\dotnet\sdk\7.0.400\Extensions\Microsoft.VisualStudio.TestPlatform.Extensions.Trx.TestLogger.dll
TpTrace Verbose: 0 : 12556, 1, 2023/09/04, 07:29:02.033, 50398595712, vstest.console.dll, TestPluginCache.GetExtensionPaths: Added unfilterableExtensionPaths: 
TpTrace Information: 0 : 12556, 1, 2023/09/04, 07:29:02.034, 50398596718, vstest.console.dll, AssemblyResolver.AddSearchDirectories: Adding more searchDirectories C:\Program Files\dotnet\sdk\7.0.400\Extensions,C:\Program Files\dotnet\sdk\7.0.400
TpTrace Verbose: 0 : 12556, 1, 2023/09/04, 07:29:02.034, 50398597097, vstest.console.dll, TestPluginCache.DiscoverTestExtensions: Discovering the extensions using extension path.
TpTrace Verbose: 0 : 12556, 1, 2023/09/04, 07:29:02.034, 50398597378, vstest.console.dll, TestPluginCache.GetExtensionPaths: Filtered extension paths: 
TpTrace Verbose: 0 : 12556, 1, 2023/09/04, 07:29:02.034, 50398597648, vstest.console.dll, TestPluginCache.GetExtensionPaths: Added default extension paths: C:\Program Files\dotnet\sdk\7.0.400\Extensions\Microsoft.Diagnostics.NETCore.Client.dll
C:\Program Files\dotnet\sdk\7.0.400\Extensions\Microsoft.TestPlatform.Extensions.BlameDataCollector.dll
C:\Program Files\dotnet\sdk\7.0.400\Extensions\Microsoft.TestPlatform.Extensions.EventLogCollector.dll
C:\Program Files\dotnet\sdk\7.0.400\Extensions\Microsoft.TestPlatform.TestHostRuntimeProvider.dll
C:\Program Files\dotnet\sdk\7.0.400\Extensions\Microsoft.VisualStudio.TestPlatform.Extensions.Html.TestLogger.dll
C:\Program Files\dotnet\sdk\7.0.400\Extensions\Microsoft.VisualStudio.TestPlatform.Extensions.Trx.TestLogger.dll
TpTrace Verbose: 0 : 12556, 1, 2023/09/04, 07:29:02.034, 50398597891, vstest.console.dll, TestPluginCache.GetExtensionPaths: Added unfilterableExtensionPaths: 
TpTrace Verbose: 0 : 12556, 1, 2023/09/04, 07:29:02.034, 50398598194, vstest.console.dll, TestPluginCache.DiscoverTestExtensions: Discovering the extensions using allExtensionPaths: C:\Program Files\dotnet\sdk\7.0.400\Extensions\Microsoft.Diagnostics.NETCore.Client.dll
C:\Program Files\dotnet\sdk\7.0.400\Extensions\Microsoft.TestPlatform.Extensions.BlameDataCollector.dll
C:\Program Files\dotnet\sdk\7.0.400\Extensions\Microsoft.TestPlatform.Extensions.EventLogCollector.dll
C:\Program Files\dotnet\sdk\7.0.400\Extensions\Microsoft.TestPlatform.TestHostRuntimeProvider.dll
C:\Program Files\dotnet\sdk\7.0.400\Extensions\Microsoft.VisualStudio.TestPlatform.Extensions.Html.TestLogger.dll
C:\Program Files\dotnet\sdk\7.0.400\Extensions\Microsoft.VisualStudio.TestPlatform.Extensions.Trx.TestLogger.dll
TpTrace Information: 0 : 12556, 1, 2023/09/04, 07:29:02.034, 50398598950, vstest.console.dll, AssemblyResolver.AddSearchDirectories: Adding more searchDirectories C:\Program Files\dotnet\sdk\7.0.400\Extensions,C:\Program Files\dotnet\sdk\7.0.400
TpTrace Information: 0 : 12556, 1, 2023/09/04, 07:29:02.034, 50398599353, vstest.console.dll, AssemblyResolver.AddSearchDirectories: Adding more searchDirectories C:\Program Files\dotnet\sdk\7.0.400\Extensions,C:\Program Files\dotnet\sdk\7.0.400
TpTrace Information: 0 : 12556, 1, 2023/09/04, 07:29:02.034, 50398599628, vstest.console.dll, AssemblyResolver.AddSearchDirectories: Adding more searchDirectories C:\Program Files\dotnet\sdk\7.0.400\Extensions,C:\Program Files\dotnet\sdk\7.0.400
TpTrace Information: 0 : 12556, 1, 2023/09/04, 07:29:02.034, 50398599883, vstest.console.dll, AssemblyResolver.AddSearchDirectories: Adding more searchDirectories C:\Program Files\dotnet\sdk\7.0.400\Extensions,C:\Program Files\dotnet\sdk\7.0.400
TpTrace Information: 0 : 12556, 1, 2023/09/04, 07:29:02.034, 50398600171, vstest.console.dll, AssemblyResolver.AddSearchDirectories: Adding more searchDirectories C:\Program Files\dotnet\sdk\7.0.400\Extensions,C:\Program Files\dotnet\sdk\7.0.400
TpTrace Information: 0 : 12556, 1, 2023/09/04, 07:29:02.034, 50398600434, vstest.console.dll, AssemblyResolver.AddSearchDirectories: Adding more searchDirectories C:\Program Files\dotnet\sdk\7.0.400\Extensions,C:\Program Files\dotnet\sdk\7.0.400
TpTrace Verbose: 0 : 12556, 1, 2023/09/04, 07:29:02.034, 50398601224, vstest.console.dll, MetadataReaderExtensionsHelper: Discovering extensions inside assembly 'Microsoft.Diagnostics.NETCore.Client, Version=0.2.8.21101, Culture=neutral, PublicKeyToken=31bf3856ad364e35' file path 'C:\Program Files\dotnet\sdk\7.0.400\Extensions\Microsoft.Diagnostics.NETCore.Client.dll'
TpTrace Information: 0 : 12556, 1, 2023/09/04, 07:29:02.035, 50398608040, vstest.console.dll, AssemblyResolver.OnResolve: Microsoft.Bcl.AsyncInterfaces: Resolving assembly.
TpTrace Information: 0 : 12556, 1, 2023/09/04, 07:29:02.035, 50398608455, vstest.console.dll, AssemblyResolver.OnResolve: Microsoft.Bcl.AsyncInterfaces: Resolved from cache.
TpTrace Verbose: 0 : 12556, 1, 2023/09/04, 07:29:02.035, 50398608757, vstest.console.dll, CurrentDomainAssemblyResolve: Resolving assembly 'Microsoft.Bcl.AsyncInterfaces'.
TpTrace Information: 0 : 12556, 1, 2023/09/04, 07:29:02.035, 50398609123, vstest.console.dll, AssemblyResolver.OnResolve: Microsoft.Bcl.AsyncInterfaces: Resolving assembly.
TpTrace Information: 0 : 12556, 1, 2023/09/04, 07:29:02.035, 50398609400, vstest.console.dll, AssemblyResolver.OnResolve: Microsoft.Bcl.AsyncInterfaces: Resolved from cache.
TpTrace Verbose: 0 : 12556, 1, 2023/09/04, 07:29:02.035, 50398609626, vstest.console.dll, CurrentDomainAssemblyResolve: Resolving assembly 'Microsoft.Bcl.AsyncInterfaces'.
TpTrace Verbose: 0 : 12556, 1, 2023/09/04, 07:29:02.035, 50398609844, vstest.console.dll, CurrentDomainAssemblyResolve: Failed to resolve assembly 'Microsoft.Bcl.AsyncInterfaces'.
TpTrace Verbose: 0 : 12556, 1, 2023/09/04, 07:29:02.035, 50398611035, vstest.console.dll, CurrentDomainAssemblyResolve: Failed to resolve assembly 'Microsoft.Bcl.AsyncInterfaces'.
TpTrace Warning: 0 : 12556, 1, 2023/09/04, 07:29:02.035, 50398613876, vstest.console.dll, TestPluginDiscoverer: Failed to get types from assembly 'Microsoft.Diagnostics.NETCore.Client, Version=0.2.8.21101, Culture=neutral, PublicKeyToken=31bf3856ad364e35'. Error: System.Reflection.ReflectionTypeLoadException: Unable to load one or more of the requested types.
Could not load file or assembly 'Microsoft.Bcl.AsyncInterfaces, Version=1.0.0.0, Culture=neutral, PublicKeyToken=cc7b13ffcd2ddd51'. The system cannot find the file specified.
   at System.Reflection.RuntimeModule.GetTypes(RuntimeModule module)
   at System.Reflection.Assembly.GetTypes()
   at Microsoft.VisualStudio.TestPlatform.Common.ExtensionFramework.TestPluginDiscoverer.GetTestExtensionsFromAssembly[TPluginInfo,TExtension](Assembly assembly, Dictionary`2 pluginInfos, String filePath) in /_/src/Microsoft.TestPlatform.Common/ExtensionFramework/TestPluginDiscoverer.cs:line 158
System.IO.FileNotFoundException: Could not load file or assembly 'Microsoft.Bcl.AsyncInterfaces, Version=1.0.0.0, Culture=neutral, PublicKeyToken=cc7b13ffcd2ddd51'. The system cannot find the file specified.
File name: 'Microsoft.Bcl.AsyncInterfaces, Version=1.0.0.0, Culture=neutral, PublicKeyToken=cc7b13ffcd2ddd51'
 ---> System.IO.FileNotFoundException: Could not load file or assembly 'Microsoft.Bcl.AsyncInterfaces, Culture=neutral, PublicKeyToken=null'. The system cannot find the file specified.
File name: 'Microsoft.Bcl.AsyncInterfaces, Culture=neutral, PublicKeyToken=null'
   at System.Reflection.RuntimeAssembly.InternalLoad(AssemblyName assemblyName, StackCrawlMark& stackMark, AssemblyLoadContext assemblyLoadContext, RuntimeAssembly requestingAssembly, Boolean throwOnFileNotFound)
   at System.Reflection.Assembly.Load(AssemblyName assemblyRef)
   at Microsoft.VisualStudio.TestPlatform.Common.ExtensionFramework.TestPluginCache.CurrentDomainAssemblyResolve(Object sender, AssemblyResolveEventArgs args) in /_/src/Microsoft.TestPlatform.Common/ExtensionFramework/TestPluginCache.cs:line 513
   at System.Runtime.Loader.AssemblyLoadContext.GetFirstResolvedAssemblyFromResolvingEvent(AssemblyName assemblyName)
   at System.Runtime.Loader.AssemblyLoadContext.ResolveUsingEvent(AssemblyName assemblyName)
   at System.Runtime.Loader.AssemblyLoadContext.ResolveUsingResolvingEvent(IntPtr gchManagedAssemblyLoadContext, AssemblyName assemblyName)
TpTrace Warning: 0 : 12556, 1, 2023/09/04, 07:29:02.035, 50398615219, vstest.console.dll, LoaderExceptions: System.IO.FileNotFoundException: Could not load file or assembly 'Microsoft.Bcl.AsyncInterfaces, Version=1.0.0.0, Culture=neutral, PublicKeyToken=cc7b13ffcd2ddd51'. The system cannot find the file specified.
File name: 'Microsoft.Bcl.AsyncInterfaces, Version=1.0.0.0, Culture=neutral, PublicKeyToken=cc7b13ffcd2ddd51'
 ---> System.IO.FileNotFoundException: Could not load file or assembly 'Microsoft.Bcl.AsyncInterfaces, Culture=neutral, PublicKeyToken=null'. The system cannot find the file specified.
File name: 'Microsoft.Bcl.AsyncInterfaces, Culture=neutral, PublicKeyToken=null'
   at System.Reflection.RuntimeAssembly.InternalLoad(AssemblyName assemblyName, StackCrawlMark& stackMark, AssemblyLoadContext assemblyLoadContext, RuntimeAssembly requestingAssembly, Boolean throwOnFileNotFound)
   at System.Reflection.Assembly.Load(AssemblyName assemblyRef)
   at Microsoft.VisualStudio.TestPlatform.Common.ExtensionFramework.TestPluginCache.CurrentDomainAssemblyResolve(Object sender, AssemblyResolveEventArgs args) in /_/src/Microsoft.TestPlatform.Common/ExtensionFramework/TestPluginCache.cs:line 513
   at System.Runtime.Loader.AssemblyLoadContext.GetFirstResolvedAssemblyFromResolvingEvent(AssemblyName assemblyName)
   at System.Runtime.Loader.AssemblyLoadContext.ResolveUsingEvent(AssemblyName assemblyName)
   at System.Runtime.Loader.AssemblyLoadContext.ResolveUsingResolvingEvent(IntPtr gchManagedAssemblyLoadContext, AssemblyName assemblyName)
TpTrace Verbose: 0 : 12556, 1, 2023/09/04, 07:29:02.036, 50398616001, vstest.console.dll, MetadataReaderExtensionsHelper: Discovering extensions inside assembly 'Microsoft.TestPlatform.Extensions.BlameDataCollector, Version=15.0.0.0, Culture=neutral, PublicKeyToken=b03f5f7f11d50a3a' file path 'C:\Program Files\dotnet\sdk\7.0.400\Extensions\Microsoft.TestPlatform.Extensions.BlameDataCollector.dll'
TpTrace Information: 0 : 12556, 1, 2023/09/04, 07:29:02.036, 50398620411, vstest.console.dll, GetTestExtensionFromType: Register extension with identifier data 'logger://Microsoft/TestPlatform/Extensions/Blame/v1' and type 'Microsoft.TestPlatform.Extensions.BlameDataCollector.BlameLogger, Microsoft.TestPlatform.Extensions.BlameDataCollector, Version=15.0.0.0, Culture=neutral, PublicKeyToken=b03f5f7f11d50a3a' inside file 'C:\Program Files\dotnet\sdk\7.0.400\Extensions\Microsoft.TestPlatform.Extensions.BlameDataCollector.dll'
TpTrace Verbose: 0 : 12556, 1, 2023/09/04, 07:29:02.036, 50398620932, vstest.console.dll, MetadataReaderExtensionsHelper: Discovering extensions inside assembly 'Microsoft.TestPlatform.Extensions.EventLogCollector, Version=15.0.0.0, Culture=neutral, PublicKeyToken=b03f5f7f11d50a3a' file path 'C:\Program Files\dotnet\sdk\7.0.400\Extensions\Microsoft.TestPlatform.Extensions.EventLogCollector.dll'
TpTrace Verbose: 0 : 12556, 1, 2023/09/04, 07:29:02.036, 50398623844, vstest.console.dll, MetadataReaderExtensionsHelper: Discovering extensions inside assembly 'Microsoft.TestPlatform.TestHostRuntimeProvider, Version=15.0.0.0, Culture=neutral, PublicKeyToken=b03f5f7f11d50a3a' file path 'C:\Program Files\dotnet\sdk\7.0.400\Extensions\Microsoft.TestPlatform.TestHostRuntimeProvider.dll'
TpTrace Verbose: 0 : 12556, 1, 2023/09/04, 07:29:02.037, 50398626784, vstest.console.dll, MetadataReaderExtensionsHelper: Discovering extensions inside assembly 'Microsoft.VisualStudio.TestPlatform.Extensions.Html.TestLogger, Version=15.0.0.0, Culture=neutral, PublicKeyToken=b03f5f7f11d50a3a' file path 'C:\Program Files\dotnet\sdk\7.0.400\Extensions\Microsoft.VisualStudio.TestPlatform.Extensions.Html.TestLogger.dll'
TpTrace Information: 0 : 12556, 1, 2023/09/04, 07:29:02.037, 50398631162, vstest.console.dll, GetTestExtensionFromType: Register extension with identifier data 'logger://Microsoft/TestPlatform/HtmlLogger/v1' and type 'Microsoft.VisualStudio.TestPlatform.Extensions.HtmlLogger.HtmlLogger, Microsoft.VisualStudio.TestPlatform.Extensions.Html.TestLogger, Version=15.0.0.0, Culture=neutral, PublicKeyToken=b03f5f7f11d50a3a' inside file 'C:\Program Files\dotnet\sdk\7.0.400\Extensions\Microsoft.VisualStudio.TestPlatform.Extensions.Html.TestLogger.dll'
TpTrace Verbose: 0 : 12556, 1, 2023/09/04, 07:29:02.037, 50398631677, vstest.console.dll, MetadataReaderExtensionsHelper: Discovering extensions inside assembly 'Microsoft.VisualStudio.TestPlatform.Extensions.Trx.TestLogger, Version=15.0.0.0, Culture=neutral, PublicKeyToken=b03f5f7f11d50a3a' file path 'C:\Program Files\dotnet\sdk\7.0.400\Extensions\Microsoft.VisualStudio.TestPlatform.Extensions.Trx.TestLogger.dll'
TpTrace Information: 0 : 12556, 1, 2023/09/04, 07:29:02.037, 50398634957, vstest.console.dll, GetTestExtensionFromType: Register extension with identifier data 'logger://Microsoft/TestPlatform/TrxLogger/v1' and type 'Microsoft.VisualStudio.TestPlatform.Extensions.TrxLogger.TrxLogger, Microsoft.VisualStudio.TestPlatform.Extensions.Trx.TestLogger, Version=15.0.0.0, Culture=neutral, PublicKeyToken=b03f5f7f11d50a3a' inside file 'C:\Program Files\dotnet\sdk\7.0.400\Extensions\Microsoft.VisualStudio.TestPlatform.Extensions.Trx.TestLogger.dll'
TpTrace Verbose: 0 : 12556, 1, 2023/09/04, 07:29:02.037, 50398635635, vstest.console.dll, TestPluginCache: Discovered the extensions using extension path ''.
TpTrace Verbose: 0 : 12556, 1, 2023/09/04, 07:29:02.038, 50398635934, vstest.console.dll, TestPluginCache: Discoverers are ''.
TpTrace Verbose: 0 : 12556, 1, 2023/09/04, 07:29:02.038, 50398636157, vstest.console.dll, TestPluginCache: Executors are ''.
TpTrace Verbose: 0 : 12556, 1, 2023/09/04, 07:29:02.038, 50398636417, vstest.console.dll, TestPluginCache: Executors2 are ''.
TpTrace Verbose: 0 : 12556, 1, 2023/09/04, 07:29:02.038, 50398636629, vstest.console.dll, TestPluginCache: Setting providers are ''.
TpTrace Verbose: 0 : 12556, 1, 2023/09/04, 07:29:02.038, 50398637116, vstest.console.dll, TestPluginCache: Loggers are 'logger://Microsoft/TestPlatform/Extensions/Blame/v1,logger://Microsoft/TestPlatform/HtmlLogger/v1,logger://Microsoft/TestPlatform/TrxLogger/v1'.
TpTrace Verbose: 0 : 12556, 1, 2023/09/04, 07:29:02.038, 50398637499, vstest.console.dll, TestPluginCache: TestHosts are 'HostProvider://DefaultTestHost,HostProvider://DotnetTestHost'.
TpTrace Verbose: 0 : 12556, 1, 2023/09/04, 07:29:02.038, 50398637765, vstest.console.dll, TestPluginCache: DataCollectors are ''.
TpTrace Information: 0 : 12556, 1, 2023/09/04, 07:29:02.038, 50398644722, vstest.console.dll, TestPluginManager.CreateTestExtension: Attempting to load test extension: Microsoft.TestPlatform.Extensions.BlameDataCollector.BlameLogger
TpTrace Verbose: 0 : 12556, 1, 2023/09/04, 07:29:02.044, 50398703867, vstest.console.dll, TestEngine: Initializing Parallel Execution as MaxCpuCount is set to: 1
TpTrace Information: 0 : 12556, 1, 2023/09/04, 07:29:02.046, 50398717441, vstest.console.dll, TestPluginManager.CreateTestExtension: Attempting to load test extension: Microsoft.VisualStudio.TestPlatform.CrossPlatEngine.Hosting.DefaultTestHostManager
TpTrace Information: 0 : 12556, 1, 2023/09/04, 07:29:02.046, 50398724679, vstest.console.dll, TestPluginManager.CreateTestExtension: Attempting to load test extension: Microsoft.VisualStudio.TestPlatform.CrossPlatEngine.Hosting.DotnetTestHostManager
TpTrace Information: 0 : 12556, 1, 2023/09/04, 07:29:02.047, 50398729744, vstest.console.dll, InferRunSettingsHelper.IsTestSettingsEnabled: Unable to navigate to RunSettings/MSTest. Current node: RunSettings
TpTrace Verbose: 0 : 12556, 1, 2023/09/04, 07:29:02.050, 50398764793, vstest.console.dll, TestEngine.GetExecutionManager: Chosen execution manager 'Microsoft.VisualStudio.TestPlatform.CrossPlatEngine.Client.Parallel.ParallelProxyExecutionManager, Microsoft.TestPlatform.CrossPlatEngine, Version=15.0.0.0, Culture=neutral, PublicKeyToken=b03f5f7f11d50a3a' ParallelLevel '1'.
TpTrace Verbose: 0 : 12556, 1, 2023/09/04, 07:29:02.051, 50398765797, vstest.console.dll, TestRunRequest.ExecuteAsync: Creating test run request.
TpTrace Verbose: 0 : 12556, 1, 2023/09/04, 07:29:02.051, 50398767580, vstest.console.dll, TestRunRequest.ExecuteAsync: Starting.
TpTrace Information: 0 : 12556, 1, 2023/09/04, 07:29:02.051, 50398769628, vstest.console.dll, TestRunRequest.ExecuteAsync: Starting run with settings:TestRunCriteria:
   KeepAlive=False,FrequencyOfRunStatsChangeEvent=10,RunStatsChangeEventTimeout=00:00:01.5000000,TestCaseFilter=,TestExecutorLauncher=
   Settingsxml=<RunSettings>
  <RunConfiguration>
    <ResultsDirectory>D:\PROJECTS\.NET\ApplicationAPI\MemorialAPITest\bin\Debug\net6.0\fine-code-coverage\coverage-tool-output</ResultsDirectory>
    <TargetPlatform>X64</TargetPlatform>
    <TargetFrameworkVersion>.NETCoreApp,Version=v6.0</TargetFrameworkVersion>
    <DesignMode>False</DesignMode>
    <CollectSourceInformation>False</CollectSourceInformation>
  </RunConfiguration>
  <LoggerRunSettings>
    <Loggers>
      <Logger friendlyName="blame" enabled="True" />
      <Logger friendlyName="Console" uri="logger://microsoft/TestPlatform/ConsoleLogger/v1" assemblyQualifiedName="Microsoft.VisualStudio.TestPlatform.CommandLine.Internal.ConsoleLogger, vstest.console, Version=15.0.0.0, Culture=neutral, PublicKeyToken=b03f5f7f11d50a3a" codeBase="C:\Program Files\dotnet\sdk\7.0.400\vstest.console.dll" enabled="True" />
    </Loggers>
  </LoggerRunSettings>
  <DataCollectionRunSettings>
    <DataCollectors>
      <DataCollector friendlyName="blame" enabled="True">
        <Configuration>
          <ResultsDirectory>D:\PROJECTS\.NET\ApplicationAPI\MemorialAPITest\bin\Debug\net6.0\fine-code-coverage\coverage-tool-output</ResultsDirectory>
        </Configuration>
      </DataCollector>
    </DataCollectors>
  </DataCollectionRunSettings>
</RunSettings>

TpTrace Verbose: 0 : 12556, 1, 2023/09/04, 07:29:02.051, 50398770074, vstest.console.dll, TestRunRequest.ExecuteAsync: Wait for the first run request is over.
TpTrace Verbose: 0 : 12556, 1, 2023/09/04, 07:29:02.051, 50398772041, vstest.console.dll, MulticastDelegateUtilities.SafeInvoke: TestRun.TestRunStart: Invoking callbacks was skipped because there are no subscribers.
TpTrace Verbose: 0 : 12556, 4, 2023/09/04, 07:29:02.051, 50398773739, vstest.console.dll, MulticastDelegateUtilities.SafeInvoke: InternalTestLoggerEvents.SendTestRunStart: Invoking callback 1/1 for Microsoft.VisualStudio.TestPlatform.CommandLine.Internal.ConsoleLogger., took 0 ms.
TpTrace Verbose: 0 : 12556, 1, 2023/09/04, 07:29:02.052, 50398782097, vstest.console.dll, ParallelProxyExecutionManager: Start execution. Total sources: 1
TpTrace Verbose: 0 : 12556, 1, 2023/09/04, 07:29:02.054, 50398797253, vstest.console.dll, TestRequestSender is acting as server.
TpTrace Verbose: 0 : 12556, 1, 2023/09/04, 07:29:02.056, 50398816154, vstest.console.dll, ParallelOperationManager.RunWorkInParallel: Started work on a host.
TpTrace Verbose: 0 : 12556, 1, 2023/09/04, 07:29:02.056, 50398821711, vstest.console.dll, ProxyParallelExecutionManager: No sources available for execution.
TpTrace Information: 0 : 12556, 1, 2023/09/04, 07:29:02.056, 50398822285, vstest.console.dll, TestRunRequest.ExecuteAsync: Started.
TpTrace Verbose: 0 : 12556, 1, 2023/09/04, 07:29:02.056, 50398822864, vstest.console.dll, TestRunRequest.WaitForCompletion: Waiting with timeout -1.
TpTrace Verbose: 0 : 12556, 5, 2023/09/04, 07:29:02.056, 50398823802, vstest.console.dll, DataCollectionRequestSender.InitializeCommunication : Initialize communication. 
TpTrace Information: 0 : 12556, 5, 2023/09/04, 07:29:02.060, 50398856068, vstest.console.dll, Listening on Endpoint : 127.0.0.1:62524
TpTrace Verbose: 0 : 12556, 5, 2023/09/04, 07:29:02.065, 50398909157, vstest.console.dll, DotnetDataCollectionLauncher: Adding  --runtimeconfig "C:\Program Files\dotnet\sdk\7.0.400\datacollector.runtimeconfig.json" in args
TpTrace Verbose: 0 : 12556, 5, 2023/09/04, 07:29:02.065, 50398910203, vstest.console.dll, DotnetDataCollectionLauncher: Adding  --depsfile "C:\Program Files\dotnet\sdk\7.0.400\datacollector.deps.json" in args
TpTrace Verbose: 0 : 12556, 5, 2023/09/04, 07:29:02.065, 50398912397, vstest.console.dll, DotnetDataCollectionLauncher: Full path of dotnet.exe is C:\Program Files\dotnet\dotnet.exe
TpTrace Information: 0 : 12556, 5, 2023/09/04, 07:29:02.069, 50398954140, vstest.console.dll, ProxyDataCollectionManager.Initialize: Launched datacollector processId: 2744 port: 62524
TpTrace Information: 0 : 12556, 5, 2023/09/04, 07:29:02.069, 50398955205, vstest.console.dll, ProxyDataCollectionManager.Initialize: waiting for connection with timeout: 90 seconds
TpTrace Verbose: 0 : 12556, 5, 2023/09/04, 07:29:02.069, 50398955644, vstest.console.dll, DataCollectionRequestSender.WaitForRequestHandlerConnection : Waiting for connection with timeout: 90000
TpTrace Information: 0 : 12556, 7, 2023/09/04, 07:29:02.179, 50400054961, vstest.console.dll, Using the buffer size of 16384 bytes
TpTrace Verbose: 0 : 12556, 5, 2023/09/04, 07:29:02.179, 50400055048, vstest.console.dll, SocketCommunicationManager.WaitForClientConnection took: 109 ms, with 90000 ms timeout, and finished with True.
TpTrace Information: 0 : 12556, 7, 2023/09/04, 07:29:02.180, 50400055863, vstest.console.dll, Accepted Client request and set the flag
TpTrace Verbose: 0 : 12556, 5, 2023/09/04, 07:29:02.180, 50400056759, vstest.console.dll, ProxyDataCollectionManager.InvokeDataCollectionServiceAction: Starting.
TpTrace Information: 0 : 12556, 5, 2023/09/04, 07:29:02.180, 50400057356, vstest.console.dll, ProxyDataCollectionManager.BeforeTestRunStart: Get environment variable and port for datacollector processId: 2744 port: 62524
TpTrace Verbose: 0 : 12556, 5, 2023/09/04, 07:29:02.180, 50400058186, vstest.console.dll, DataCollectionRequestSender.SendBeforeTestRunStartAndGetResult: Send BeforeTestRunStart message with settingsXml <RunSettings><RunConfiguration><ResultsDirectory>D:\PROJECTS\.NET\ApplicationAPI\MemorialAPITest\bin\Debug\net6.0\fine-code-coverage\coverage-tool-output</ResultsDirectory><TargetPlatform>X64</TargetPlatform><TargetFrameworkVersion>.NETCoreApp,Version=v6.0</TargetFrameworkVersion><DesignMode>False</DesignMode><CollectSourceInformation>False</CollectSourceInformation><TestAdaptersPaths>C:\Program Files\dotnet\sdk\7.0.400\Extensions</TestAdaptersPaths></RunConfiguration><LoggerRunSettings><Loggers><Logger friendlyName="blame" enabled="True" /><Logger friendlyName="Console" uri="logger://microsoft/TestPlatform/ConsoleLogger/v1" assemblyQualifiedName="Microsoft.VisualStudio.TestPlatform.CommandLine.Internal.ConsoleLogger, vstest.console, Version=15.0.0.0, Culture=neutral, PublicKeyToken=b03f5f7f11d50a3a" codeBase="C:\Program Files\dotnet\sdk\7.0.400\vstest.console.dll" enabled="True" /></Loggers></LoggerRunSettings><DataCollectionRunSettings><DataCollectors><DataCollector friendlyName="blame" enabled="True"><Configuration><ResultsDirectory>D:\PROJECTS\.NET\ApplicationAPI\MemorialAPITest\bin\Debug\net6.0\fine-code-coverage\coverage-tool-output</ResultsDirectory></Configuration></DataCollector></DataCollectors></DataCollectionRunSettings></RunSettings> and sources System.Collections.Generic.List`1[System.String]: 
TpTrace Verbose: 0 : 12556, 5, 2023/09/04, 07:29:02.244, 50400705179, vstest.console.dll, DataCollectionRequestSender.SendBeforeTestRunStartAndGetResult: Received message: (DataCollection.SendMessage) -> {"MessageType":"DataCollection.SendMessage","Payload":{"FriendlyName":null,"Uri":null,"TestCaseId":"00000000-0000-0000-0000-000000000000","Message":"Logging DataCollector Diagnostics in file: D:\\PROJECTS\\.NET\\ApplicationAPI\\MemorialAPITest\\bin\\Debug\\net6.0\\fine-code-coverage\\coverage-tool-output\\diagnostics.datacollector.23-09-04_07-29-02_06514_5.log","Level":0}}
TpTrace Verbose: 0 : 12556, 5, 2023/09/04, 07:29:02.311, 50401367829, vstest.console.dll, DataCollectionRequestSender.SendBeforeTestRunStartAndGetResult: Received message: (DataCollection.BeforeTestRunStartResult) -> {"MessageType":"DataCollection.BeforeTestRunStartResult","Payload":{"EnvironmentVariables":{},"DataCollectionEventsPort":62526}}
TpTrace Information: 0 : 12556, 5, 2023/09/04, 07:29:02.315, 50401405733, vstest.console.dll, ProxyDataCollectionManager.BeforeTestRunStart: SendBeforeTestRunStartAndGetResult successful, env variable from datacollector:   and testhost port: 62526
TpTrace Information: 0 : 12556, 5, 2023/09/04, 07:29:02.315, 50401406327, vstest.console.dll, ProxyDataCollectionManager.InvokeDataCollectionServiceAction: Completed.
TpTrace Verbose: 0 : 12556, 5, 2023/09/04, 07:29:02.315, 50401407050, vstest.console.dll, ProxyExecutionManager: Test host is always Lazy initialize.
TpTrace Verbose: 0 : 12556, 5, 2023/09/04, 07:29:02.315, 50401408828, vstest.console.dll, TestRequestSender.InitializeCommunication: initialize communication. 
TpTrace Information: 0 : 12556, 5, 2023/09/04, 07:29:02.315, 50401412473, vstest.console.dll, SocketServer.Start: Listening on endpoint : 127.0.0.1:62527
TpTrace Verbose: 0 : 12556, 5, 2023/09/04, 07:29:02.316, 50401418880, vstest.console.dll, DotnetTestHostmanager.GetTestHostProcessStartInfo: Platform environment 'X64' target architecture 'X64' framework '.NETCoreApp,Version=v6.0' OS 'Windows'
TpTrace Verbose: 0 : 12556, 5, 2023/09/04, 07:29:02.316, 50401420045, vstest.console.dll, DotnetTestHostmanager: Adding  --runtimeconfig "D:\PROJECTS\.NET\ApplicationAPI\MemorialAPITest\bin\Debug\net6.0\fine-code-coverage\build-output\MemorialAPITest.runtimeconfig.json" in args
TpTrace Verbose: 0 : 12556, 5, 2023/09/04, 07:29:02.316, 50401420561, vstest.console.dll, DotnetTestHostmanager: Adding  --depsfile "D:\PROJECTS\.NET\ApplicationAPI\MemorialAPITest\bin\Debug\net6.0\fine-code-coverage\build-output\MemorialAPITest.deps.json" in args
TpTrace Verbose: 0 : 12556, 5, 2023/09/04, 07:29:02.316, 50401422509, vstest.console.dll, DotnetTestHostmanager.IsWinOnArm: Current PROCESSOR_ARCHITECTURE from environment variable 'AMD64'
TpTrace Verbose: 0 : 12556, 5, 2023/09/04, 07:29:02.316, 50401422981, vstest.console.dll, DotnetTestHostmanager.IsWinOnArm: Is Windows on ARM 'False'
TpTrace Verbose: 0 : 12556, 5, 2023/09/04, 07:29:02.316, 50401423441, vstest.console.dll, DotnetTestHostManager: testhost.exe found at path: D:\PROJECTS\.NET\ApplicationAPI\MemorialAPITest\bin\Debug\net6.0\fine-code-coverage\build-output\testhost.exe
TpTrace Verbose: 0 : 12556, 5, 2023/09/04, 07:29:02.316, 50401423782, vstest.console.dll, DotnetTestHostmanager: Full path of host exe is D:\PROJECTS\.NET\ApplicationAPI\MemorialAPITest\bin\Debug\net6.0\fine-code-coverage\build-output\testhost.exe
TpTrace Verbose: 0 : 12556, 5, 2023/09/04, 07:29:02.316, 50401424723, vstest.console.dll, DotnetTestHostmanager.LaunchTestHostAsync: Found 'VSTEST_WINAPPHOST_DOTNET_ROOT' in env variables, value 'C:\Program Files\dotnet', forwarding to 'DOTNET_ROOT'
TpTrace Verbose: 0 : 12556, 5, 2023/09/04, 07:29:02.317, 50401426033, vstest.console.dll, DotnetTestHostManager: Starting process 'D:\PROJECTS\.NET\ApplicationAPI\MemorialAPITest\bin\Debug\net6.0\fine-code-coverage\build-output\testhost.exe' with command line ' --runtimeconfig "D:\PROJECTS\.NET\ApplicationAPI\MemorialAPITest\bin\Debug\net6.0\fine-code-coverage\build-output\MemorialAPITest.runtimeconfig.json" --depsfile "D:\PROJECTS\.NET\ApplicationAPI\MemorialAPITest\bin\Debug\net6.0\fine-code-coverage\build-output\MemorialAPITest.deps.json" --port 62527 --endpoint 127.0.0.1:062527 --role client --parentprocessid 12556 --diag "D:\PROJECTS\.NET\ApplicationAPI\MemorialAPITest\bin\Debug\net6.0\fine-code-coverage\coverage-tool-output\diagnostics.host.23-09-04_07-29-02_31597_5.log" --tracelevel 4 --datacollectionport 62526 --telemetryoptedin false'
TpTrace Verbose: 0 : 12556, 5, 2023/09/04, 07:29:02.321, 50401473258, vstest.console.dll, MulticastDelegateUtilities.SafeInvoke: HostProviderEvents.OnHostLaunched: Invoking callback 1/2 for Microsoft.VisualStudio.TestPlatform.CrossPlatEngine.Client.ProxyExecutionManagerWithDataCollection., took 0 ms.
TpTrace Verbose: 0 : 12556, 5, 2023/09/04, 07:29:02.321, 50401475182, vstest.console.dll, Test Runtime launched
TpTrace Verbose: 0 : 12556, 5, 2023/09/04, 07:29:02.321, 50401475683, vstest.console.dll, MulticastDelegateUtilities.SafeInvoke: HostProviderEvents.OnHostLaunched: Invoking callback 2/2 for Microsoft.VisualStudio.TestPlatform.CrossPlatEngine.Client.ProxyOperationManager., took 0 ms.
TpTrace Verbose: 0 : 12556, 5, 2023/09/04, 07:29:02.322, 50401476850, vstest.console.dll, TestRequestSender.WaitForRequestHandlerConnection: waiting for connection with timeout: 90000.
TpTrace Verbose: 0 : 12556, 5, 2023/09/04, 07:29:02.435, 50402614604, vstest.console.dll, TestRequestSender.WaitForRequestHandlerConnection: waiting took 113 ms, with timeout 90000 ms, and result 0, which is success.
TpTrace Verbose: 0 : 12556, 11, 2023/09/04, 07:29:02.435, 50402614604, vstest.console.dll, MulticastDelegateUtilities.SafeInvoke: SocketServer: ClientConnected: Invoking callback 1/1 for Microsoft.VisualStudio.TestPlatform.CommunicationUtilities.TestRequestSender., took 0 ms.
TpTrace Verbose: 0 : 12556, 11, 2023/09/04, 07:29:02.436, 50402615852, vstest.console.dll, SocketServer.OnClientConnected: Client connected for endPoint: 127.0.0.1:62527, starting MessageLoopAsync:
TpTrace Verbose: 0 : 12556, 7, 2023/09/04, 07:29:02.436, 50402617360, vstest.console.dll, TcpClientExtensions.MessageLoopAsync: Polling on remoteEndPoint: 127.0.0.1:62528 localEndPoint: 127.0.0.1:62527
TpTrace Verbose: 0 : 12556, 5, 2023/09/04, 07:29:02.436, 50402621564, vstest.console.dll, TestRequestSender.CheckVersionWithTestHost: Sending check version message: {"MessageType":"ProtocolVersion","Payload":7}
TpTrace Verbose: 0 : 12556, 7, 2023/09/04, 07:29:02.547, 50403734967, vstest.console.dll, TcpClientExtensions.MessageLoopAsync: NotifyDataAvailable remoteEndPoint: 127.0.0.1:62528 localEndPoint: 127.0.0.1:62527
TpTrace Verbose: 0 : 12556, 7, 2023/09/04, 07:29:02.548, 50403736713, vstest.console.dll, TestRequestSender.CheckVersionWithTestHost: onMessageReceived received message: (ProtocolVersion) -> {"MessageType":"ProtocolVersion","Payload":7}
TpTrace Verbose: 0 : 12556, 7, 2023/09/04, 07:29:02.548, 50403741841, vstest.console.dll, MulticastDelegateUtilities.SafeInvoke: LengthPrefixCommunicationChannel: MessageReceived: Invoking callback 1/1 for Microsoft.VisualStudio.TestPlatform.CommunicationUtilities.TestRequestSender+<>c__DisplayClass29_0., took 0 ms.
TpTrace Verbose: 0 : 12556, 5, 2023/09/04, 07:29:02.548, 50403742430, vstest.console.dll, TestPluginCache.GetExtensionPaths: Filtered extension paths: 
TpTrace Verbose: 0 : 12556, 7, 2023/09/04, 07:29:02.548, 50403742580, vstest.console.dll, TcpClientExtensions.MessageLoopAsync: Polling on remoteEndPoint: 127.0.0.1:62528 localEndPoint: 127.0.0.1:62527
TpTrace Verbose: 0 : 12556, 5, 2023/09/04, 07:29:02.548, 50403743086, vstest.console.dll, TestPluginCache.GetExtensionPaths: Added default extension paths: C:\Program Files\dotnet\sdk\7.0.400\Extensions\Microsoft.Diagnostics.NETCore.Client.dll
C:\Program Files\dotnet\sdk\7.0.400\Extensions\Microsoft.TestPlatform.Extensions.BlameDataCollector.dll
C:\Program Files\dotnet\sdk\7.0.400\Extensions\Microsoft.TestPlatform.Extensions.EventLogCollector.dll
C:\Program Files\dotnet\sdk\7.0.400\Extensions\Microsoft.TestPlatform.TestHostRuntimeProvider.dll
C:\Program Files\dotnet\sdk\7.0.400\Extensions\Microsoft.VisualStudio.TestPlatform.Extensions.Html.TestLogger.dll
C:\Program Files\dotnet\sdk\7.0.400\Extensions\Microsoft.VisualStudio.TestPlatform.Extensions.Trx.TestLogger.dll
TpTrace Verbose: 0 : 12556, 5, 2023/09/04, 07:29:02.548, 50403743744, vstest.console.dll, TestPluginCache.GetExtensionPaths: Added unfilterableExtensionPaths: 
TpTrace Verbose: 0 : 12556, 5, 2023/09/04, 07:29:02.551, 50403767276, vstest.console.dll, TestRequestSender.InitializeExecution: Sending initialize execution with message: {"Version":7,"MessageType":"TestExecution.Initialize","Payload":["D:\\PROJECTS\\.NET\\ApplicationAPI\\MemorialAPITest\\bin\\Debug\\net6.0\\fine-code-coverage\\build-output\\xunit.runner.visualstudio.dotnetcore.testadapter.dll"]}
TpTrace Verbose: 0 : 12556, 5, 2023/09/04, 07:29:02.551, 50403768875, vstest.console.dll, ParallelProxyExecutionManager: Execution started. Started clients: 1
TpTrace Verbose: 0 : 12556, 5, 2023/09/04, 07:29:02.551, 50403771178, vstest.console.dll, TestRunRequest:SendTestRunMessage: Starting.
TpTrace Verbose: 0 : 12556, 5, 2023/09/04, 07:29:02.551, 50403772240, vstest.console.dll, MulticastDelegateUtilities.SafeInvoke: TestRun.LogMessages: Invoking callback 1/1 for Microsoft.VisualStudio.TestPlatform.CommandLine.TestRunResultAggregator., took 0 ms.
TpTrace Information: 0 : 12556, 5, 2023/09/04, 07:29:02.551, 50403772566, vstest.console.dll, TestRunRequest:SendTestRunMessage: Completed.
TpTrace Verbose: 0 : 12556, 4, 2023/09/04, 07:29:02.551, 50403773651, vstest.console.dll, MulticastDelegateUtilities.SafeInvoke: InternalTestLoggerEvents.SendTestRunMessage: Invoking callback 1/1 for Microsoft.VisualStudio.TestPlatform.CommandLine.Internal.ConsoleLogger., took 0 ms.
TpTrace Warning: 0 : 12556, 5, 2023/09/04, 07:29:02.551, 50403775280, vstest.console.dll, InferRunSettingsHelper.MakeRunsettingsCompatible: Removing the following settings: TargetPlatform from RunSettings file. To use those settings please move to latest version of Microsoft.NET.Test.Sdk
TpTrace Verbose: 0 : 12556, 7, 2023/09/04, 07:29:02.552, 50403780898, vstest.console.dll, TcpClientExtensions.MessageLoopAsync: NotifyDataAvailable remoteEndPoint: 127.0.0.1:62528 localEndPoint: 127.0.0.1:62527
TpTrace Verbose: 0 : 12556, 7, 2023/09/04, 07:29:02.552, 50403783287, vstest.console.dll, TestRequestSender.OnExecutionMessageReceived: Received message: {"Version":7,"MessageType":"TestSession.Message","Payload":{"MessageLevel":0,"Message":"Logging TestHost Diagnostics in file: D:\\PROJECTS\\.NET\\ApplicationAPI\\MemorialAPITest\\bin\\Debug\\net6.0\\fine-code-coverage\\coverage-tool-output\\diagnostics.host.23-09-04_07-29-02_31597_5.log"}}
TpTrace Verbose: 0 : 12556, 7, 2023/09/04, 07:29:02.554, 50403801779, vstest.console.dll, TestRunRequest:SendTestRunMessage: Starting.
TpTrace Verbose: 0 : 12556, 7, 2023/09/04, 07:29:02.554, 50403802898, vstest.console.dll, MulticastDelegateUtilities.SafeInvoke: TestRun.LogMessages: Invoking callback 1/1 for Microsoft.VisualStudio.TestPlatform.CommandLine.TestRunResultAggregator., took 0 ms.
TpTrace Verbose: 0 : 12556, 4, 2023/09/04, 07:29:02.554, 50403803031, vstest.console.dll, MulticastDelegateUtilities.SafeInvoke: InternalTestLoggerEvents.SendTestRunMessage: Invoking callback 1/1 for Microsoft.VisualStudio.TestPlatform.CommandLine.Internal.ConsoleLogger., took 0 ms.
TpTrace Information: 0 : 12556, 7, 2023/09/04, 07:29:02.554, 50403804036, vstest.console.dll, TestRunRequest:SendTestRunMessage: Completed.
TpTrace Verbose: 0 : 12556, 7, 2023/09/04, 07:29:02.554, 50403804509, vstest.console.dll, MulticastDelegateUtilities.SafeInvoke: LengthPrefixCommunicationChannel: MessageReceived: Invoking callback 1/1 for Microsoft.VisualStudio.TestPlatform.CommunicationUtilities.TestRequestSender+<>c__DisplayClass34_0., took 2 ms.
TpTrace Verbose: 0 : 12556, 7, 2023/09/04, 07:29:02.554, 50403804868, vstest.console.dll, TcpClientExtensions.MessageLoopAsync: Polling on remoteEndPoint: 127.0.0.1:62528 localEndPoint: 127.0.0.1:62527
TpTrace Verbose: 0 : 12556, 5, 2023/09/04, 07:29:02.557, 50403831795, vstest.console.dll, TestRequestSender.StartTestRun: Sending test run with message: {"Version":7,"MessageType":"TestExecution.StartWithSources","Payload":{"AdapterSourceMap":{"_none_":["D:\\PROJECTS\\.NET\\ApplicationAPI\\MemorialAPITest\\bin\\Debug\\net6.0\\fine-code-coverage\\build-output\\MemorialAPITest.dll"]},"RunSettings":"<RunSettings>\r\n  <RunConfiguration>\r\n    <ResultsDirectory>D:\\PROJECTS\\.NET\\ApplicationAPI\\MemorialAPITest\\bin\\Debug\\net6.0\\fine-code-coverage\\coverage-tool-output</ResultsDirectory>\r\n    <TargetFrameworkVersion>.NETCoreApp,Version=v6.0</TargetFrameworkVersion>\r\n    <DesignMode>False</DesignMode>\r\n    <CollectSourceInformation>False</CollectSourceInformation>\r\n  </RunConfiguration>\r\n  <LoggerRunSettings>\r\n    <Loggers>\r\n      <Logger friendlyName=\"blame\" enabled=\"True\" />\r\n      <Logger friendlyName=\"Console\" uri=\"logger://microsoft/TestPlatform/ConsoleLogger/v1\" assemblyQualifiedName=\"Microsoft.VisualStudio.TestPlatform.CommandLine.Internal.ConsoleLogger, vstest.console, Version=15.0.0.0, Culture=neutral, PublicKeyToken=b03f5f7f11d50a3a\" codeBase=\"C:\\Program Files\\dotnet\\sdk\\7.0.400\\vstest.console.dll\" enabled=\"True\" />\r\n    </Loggers>\r\n  </LoggerRunSettings>\r\n  <DataCollectionRunSettings>\r\n    <DataCollectors>\r\n      <DataCollector friendlyName=\"blame\" enabled=\"True\">\r\n        <Configuration>\r\n          <ResultsDirectory>D:\\PROJECTS\\.NET\\ApplicationAPI\\MemorialAPITest\\bin\\Debug\\net6.0\\fine-code-coverage\\coverage-tool-output</ResultsDirectory>\r\n        </Configuration>\r\n      </DataCollector>\r\n    </DataCollectors>\r\n  </DataCollectionRunSettings>\r\n</RunSettings>","TestExecutionContext":{"FrequencyOfRunStatsChangeEvent":10,"RunStatsChangeEventTimeout":"00:00:01.5000000","InIsolation":false,"KeepAlive":false,"AreTestCaseLevelEventsRequired":false,"IsDebug":false,"TestCaseFilter":null,"FilterOptions":null},"Package":null}}
TpTrace Verbose: 0 : 12556, 7, 2023/09/04, 07:29:02.691, 50405166703, vstest.console.dll, TcpClientExtensions.MessageLoopAsync: NotifyDataAvailable remoteEndPoint: 127.0.0.1:62528 localEndPoint: 127.0.0.1:62527
TpTrace Verbose: 0 : 12556, 7, 2023/09/04, 07:29:02.691, 50405167876, vstest.console.dll, TestRequestSender.OnExecutionMessageReceived: Received message: {"Version":7,"MessageType":"TestSession.Message","Payload":{"MessageLevel":0,"Message":"[xUnit.net 00:00:00.00] xUnit.net VSTest Adapter v2.4.5+1caef2f33e (64-bit .NET 6.0.21)"}}
TpTrace Verbose: 0 : 12556, 7, 2023/09/04, 07:29:02.691, 50405169873, vstest.console.dll, TestRunRequest:SendTestRunMessage: Starting.
TpTrace Verbose: 0 : 12556, 7, 2023/09/04, 07:29:02.691, 50405170379, vstest.console.dll, MulticastDelegateUtilities.SafeInvoke: TestRun.LogMessages: Invoking callback 1/1 for Microsoft.VisualStudio.TestPlatform.CommandLine.TestRunResultAggregator., took 0 ms.
TpTrace Verbose: 0 : 12556, 4, 2023/09/04, 07:29:02.691, 50405170576, vstest.console.dll, MulticastDelegateUtilities.SafeInvoke: InternalTestLoggerEvents.SendTestRunMessage: Invoking callback 1/1 for Microsoft.VisualStudio.TestPlatform.CommandLine.Internal.ConsoleLogger., took 0 ms.
TpTrace Information: 0 : 12556, 7, 2023/09/04, 07:29:02.691, 50405170628, vstest.console.dll, TestRunRequest:SendTestRunMessage: Completed.
TpTrace Verbose: 0 : 12556, 7, 2023/09/04, 07:29:02.691, 50405171964, vstest.console.dll, MulticastDelegateUtilities.SafeInvoke: LengthPrefixCommunicationChannel: MessageReceived: Invoking callback 1/1 for Microsoft.VisualStudio.TestPlatform.CommunicationUtilities.TestRequestSender+<>c__DisplayClass34_0., took 0 ms.
TpTrace Verbose: 0 : 12556, 7, 2023/09/04, 07:29:02.691, 50405172308, vstest.console.dll, TcpClientExtensions.MessageLoopAsync: Polling on remoteEndPoint: 127.0.0.1:62528 localEndPoint: 127.0.0.1:62527
TpTrace Verbose: 0 : 12556, 7, 2023/09/04, 07:29:03.186, 50410120174, vstest.console.dll, TcpClientExtensions.MessageLoopAsync: NotifyDataAvailable remoteEndPoint: 127.0.0.1:62528 localEndPoint: 127.0.0.1:62527
TpTrace Verbose: 0 : 12556, 7, 2023/09/04, 07:29:03.186, 50410121886, vstest.console.dll, TestRequestSender.OnExecutionMessageReceived: Received message: {"Version":7,"MessageType":"TestSession.Message","Payload":{"MessageLevel":0,"Message":"[xUnit.net 00:00:00.49]   Discovering: MemorialAPITest"}}
TpTrace Verbose: 0 : 12556, 7, 2023/09/04, 07:29:03.186, 50410123169, vstest.console.dll, TestRunRequest:SendTestRunMessage: Starting.
TpTrace Verbose: 0 : 12556, 7, 2023/09/04, 07:29:03.186, 50410123725, vstest.console.dll, MulticastDelegateUtilities.SafeInvoke: TestRun.LogMessages: Invoking callback 1/1 for Microsoft.VisualStudio.TestPlatform.CommandLine.TestRunResultAggregator., took 0 ms.
TpTrace Information: 0 : 12556, 7, 2023/09/04, 07:29:03.186, 50410124012, vstest.console.dll, TestRunRequest:SendTestRunMessage: Completed.
TpTrace Verbose: 0 : 12556, 4, 2023/09/04, 07:29:03.186, 50410123948, vstest.console.dll, MulticastDelegateUtilities.SafeInvoke: InternalTestLoggerEvents.SendTestRunMessage: Invoking callback 1/1 for Microsoft.VisualStudio.TestPlatform.CommandLine.Internal.ConsoleLogger., took 0 ms.
TpTrace Verbose: 0 : 12556, 7, 2023/09/04, 07:29:03.186, 50410124328, vstest.console.dll, MulticastDelegateUtilities.SafeInvoke: LengthPrefixCommunicationChannel: MessageReceived: Invoking callback 1/1 for Microsoft.VisualStudio.TestPlatform.CommunicationUtilities.TestRequestSender+<>c__DisplayClass34_0., took 0 ms.
TpTrace Verbose: 0 : 12556, 7, 2023/09/04, 07:29:03.186, 50410125403, vstest.console.dll, TcpClientExtensions.MessageLoopAsync: Polling on remoteEndPoint: 127.0.0.1:62528 localEndPoint: 127.0.0.1:62527
TpTrace Verbose: 0 : 12556, 7, 2023/09/04, 07:29:03.215, 50410408088, vstest.console.dll, TcpClientExtensions.MessageLoopAsync: NotifyDataAvailable remoteEndPoint: 127.0.0.1:62528 localEndPoint: 127.0.0.1:62527
TpTrace Verbose: 0 : 12556, 7, 2023/09/04, 07:29:03.215, 50410409538, vstest.console.dll, TestRequestSender.OnExecutionMessageReceived: Received message: {"Version":7,"MessageType":"TestSession.Message","Payload":{"MessageLevel":0,"Message":"[xUnit.net 00:00:00.52]   Discovered:  MemorialAPITest"}}
TpTrace Verbose: 0 : 12556, 7, 2023/09/04, 07:29:03.215, 50410410734, vstest.console.dll, TestRunRequest:SendTestRunMessage: Starting.
TpTrace Verbose: 0 : 12556, 7, 2023/09/04, 07:29:03.215, 50410411258, vstest.console.dll, MulticastDelegateUtilities.SafeInvoke: TestRun.LogMessages: Invoking callback 1/1 for Microsoft.VisualStudio.TestPlatform.CommandLine.TestRunResultAggregator., took 0 ms.
TpTrace Information: 0 : 12556, 7, 2023/09/04, 07:29:03.215, 50410411536, vstest.console.dll, TestRunRequest:SendTestRunMessage: Completed.
TpTrace Verbose: 0 : 12556, 4, 2023/09/04, 07:29:03.215, 50410411490, vstest.console.dll, MulticastDelegateUtilities.SafeInvoke: InternalTestLoggerEvents.SendTestRunMessage: Invoking callback 1/1 for Microsoft.VisualStudio.TestPlatform.CommandLine.Internal.ConsoleLogger., took 0 ms.
TpTrace Verbose: 0 : 12556, 7, 2023/09/04, 07:29:03.215, 50410411832, vstest.console.dll, MulticastDelegateUtilities.SafeInvoke: LengthPrefixCommunicationChannel: MessageReceived: Invoking callback 1/1 for Microsoft.VisualStudio.TestPlatform.CommunicationUtilities.TestRequestSender+<>c__DisplayClass34_0., took 0 ms.
TpTrace Verbose: 0 : 12556, 7, 2023/09/04, 07:29:03.215, 50410413319, vstest.console.dll, TcpClientExtensions.MessageLoopAsync: Polling on remoteEndPoint: 127.0.0.1:62528 localEndPoint: 127.0.0.1:62527
TpTrace Verbose: 0 : 12556, 7, 2023/09/04, 07:29:03.217, 50410426758, vstest.console.dll, TcpClientExtensions.MessageLoopAsync: NotifyDataAvailable remoteEndPoint: 127.0.0.1:62528 localEndPoint: 127.0.0.1:62527
TpTrace Verbose: 0 : 12556, 7, 2023/09/04, 07:29:03.217, 50410427488, vstest.console.dll, TestRequestSender.OnExecutionMessageReceived: Received message: {"Version":7,"MessageType":"TestSession.Message","Payload":{"MessageLevel":0,"Message":"[xUnit.net 00:00:00.53]   Starting:    MemorialAPITest"}}
TpTrace Verbose: 0 : 12556, 7, 2023/09/04, 07:29:03.217, 50410428575, vstest.console.dll, TestRunRequest:SendTestRunMessage: Starting.
TpTrace Verbose: 0 : 12556, 7, 2023/09/04, 07:29:03.217, 50410429107, vstest.console.dll, MulticastDelegateUtilities.SafeInvoke: TestRun.LogMessages: Invoking callback 1/1 for Microsoft.VisualStudio.TestPlatform.CommandLine.TestRunResultAggregator., took 0 ms.
TpTrace Verbose: 0 : 12556, 4, 2023/09/04, 07:29:03.217, 50410429242, vstest.console.dll, MulticastDelegateUtilities.SafeInvoke: InternalTestLoggerEvents.SendTestRunMessage: Invoking callback 1/1 for Microsoft.VisualStudio.TestPlatform.CommandLine.Internal.ConsoleLogger., took 0 ms.
TpTrace Information: 0 : 12556, 7, 2023/09/04, 07:29:03.217, 50410429380, vstest.console.dll, TestRunRequest:SendTestRunMessage: Completed.
TpTrace Verbose: 0 : 12556, 7, 2023/09/04, 07:29:03.217, 50410430146, vstest.console.dll, MulticastDelegateUtilities.SafeInvoke: LengthPrefixCommunicationChannel: MessageReceived: Invoking callback 1/1 for Microsoft.VisualStudio.TestPlatform.CommunicationUtilities.TestRequestSender+<>c__DisplayClass34_0., took 0 ms.
TpTrace Verbose: 0 : 12556, 7, 2023/09/04, 07:29:03.217, 50410430469, vstest.console.dll, TcpClientExtensions.MessageLoopAsync: Polling on remoteEndPoint: 127.0.0.1:62528 localEndPoint: 127.0.0.1:62527
TpTrace Verbose: 0 : 12556, 7, 2023/09/04, 07:29:03.331, 50411566329, vstest.console.dll, TcpClientExtensions.MessageLoopAsync: NotifyDataAvailable remoteEndPoint: 127.0.0.1:62528 localEndPoint: 127.0.0.1:62527
TpTrace Verbose: 0 : 12556, 7, 2023/09/04, 07:29:03.331, 50411567527, vstest.console.dll, TestRequestSender.OnExecutionMessageReceived: Received message: {"Version":7,"MessageType":"TestSession.Message","Payload":{"MessageLevel":0,"Message":"[xUnit.net 00:00:00.64]   Finished:    MemorialAPITest"}}
TpTrace Verbose: 0 : 12556, 7, 2023/09/04, 07:29:03.331, 50411568541, vstest.console.dll, TestRunRequest:SendTestRunMessage: Starting.
TpTrace Verbose: 0 : 12556, 7, 2023/09/04, 07:29:03.331, 50411569051, vstest.console.dll, MulticastDelegateUtilities.SafeInvoke: TestRun.LogMessages: Invoking callback 1/1 for Microsoft.VisualStudio.TestPlatform.CommandLine.TestRunResultAggregator., took 0 ms.
TpTrace Verbose: 0 : 12556, 4, 2023/09/04, 07:29:03.331, 50411569286, vstest.console.dll, MulticastDelegateUtilities.SafeInvoke: InternalTestLoggerEvents.SendTestRunMessage: Invoking callback 1/1 for Microsoft.VisualStudio.TestPlatform.CommandLine.Internal.ConsoleLogger., took 0 ms.
TpTrace Information: 0 : 12556, 7, 2023/09/04, 07:29:03.331, 50411569342, vstest.console.dll, TestRunRequest:SendTestRunMessage: Completed.
TpTrace Verbose: 0 : 12556, 7, 2023/09/04, 07:29:03.331, 50411570355, vstest.console.dll, MulticastDelegateUtilities.SafeInvoke: LengthPrefixCommunicationChannel: MessageReceived: Invoking callback 1/1 for Microsoft.VisualStudio.TestPlatform.CommunicationUtilities.TestRequestSender+<>c__DisplayClass34_0., took 0 ms.
TpTrace Verbose: 0 : 12556, 7, 2023/09/04, 07:29:03.331, 50411570698, vstest.console.dll, TcpClientExtensions.MessageLoopAsync: Polling on remoteEndPoint: 127.0.0.1:62528 localEndPoint: 127.0.0.1:62527
TpTrace Verbose: 0 : 12556, 7, 2023/09/04, 07:29:03.364, 50411903033, vstest.console.dll, TcpClientExtensions.MessageLoopAsync: NotifyDataAvailable remoteEndPoint: 127.0.0.1:62528 localEndPoint: 127.0.0.1:62527
TpTrace Verbose: 0 : 12556, 7, 2023/09/04, 07:29:03.364, 50411904866, vstest.console.dll, TestRequestSender.OnExecutionMessageReceived: Received message: {"Version":7,"MessageType":"TestExecution.Completed","Payload":{"TestRunCompleteArgs":{"TestRunStatistics":{"ExecutedTests":4,"Stats":{"Passed":4}},"IsCanceled":false,"IsAborted":false,"Error":null,"AttachmentSets":[],"InvokedDataCollectors":[],"ElapsedTimeInRunningTests":"00:00:00.6537294","Metrics":{},"DiscoveredExtensions":{"TestDiscoverers":["Xunit.Runner.VisualStudio.VsTestRunner, xunit.runner.visualstudio.dotnetcore.testadapter, Version=2.4.0.0, Culture=neutral, PublicKeyToken=8d05b1bb7a6fdb6c"],"TestExecutors":["executor://xunit/VsTestRunner2/netcoreapp"],"TestExecutors2":[],"TestSettingsProviders":[]}},"LastRunTests":{"NewTestResults":[{"TestCase":{"Id":"ff397938-9579-720f-50bd-75c82cb89249","FullyQualifiedName":"MemorialAPITest.UnitTest1.Test1","DisplayName":"MemorialAPITest.UnitTest1.Test1","ExecutorUri":"executor://xunit/VsTestRunner2/netcoreapp","Source":"D:\\PROJECTS\\.NET\\ApplicationAPI\\MemorialAPITest\\bin\\Debug\\net6.0\\fine-code-coverage\\build-output\\MemorialAPITest.dll","CodeFilePath":null,"LineNumber":0,"Properties":[]},"Attachments":[],"Outcome":1,"ErrorMessage":null,"ErrorStackTrace":null,"DisplayName":"MemorialAPITest.UnitTest1.Test1","Messages":[],"ComputerName":"DESKTOP-4CKBO3L","Duration":"00:00:00.0016788","StartTime":"2023-09-04T01:59:03.2799623+00:00","EndTime":"2023-09-04T01:59:03.2799819+00:00","Properties":[]},{"TestCase":{"Id":"e5264df9-a499-6c93-e3c4-c010564f5e2d","FullyQualifiedName":"MemorialAPITest.Controllers.UsersControllerTest.CreateUser_Exception","DisplayName":"MemorialAPITest.Controllers.UsersControllerTest.CreateUser_Exception","ExecutorUri":"executor://xunit/VsTestRunner2/netcoreapp","Source":"D:\\PROJECTS\\.NET\\ApplicationAPI\\MemorialAPITest\\bin\\Debug\\net6.0\\fine-code-coverage\\build-output\\MemorialAPITest.dll","CodeFilePath":null,"LineNumber":0,"Properties":[]},"Attachments":[],"Outcome":1,"ErrorMessage":null,"ErrorStackTrace":null,"DisplayName":"MemorialAPITest.Controllers.UsersControllerTest.CreateUser_Exception","Messages":[],"ComputerName":"DESKTOP-4CKBO3L","Duration":"00:00:00.0646671","StartTime":"2023-09-04T01:59:03.3260967+00:00","EndTime":"2023-09-04T01:59:03.3260969+00:00","Properties":[]},{"TestCase":{"Id":"25427062-de49-2be5-bc4d-9af6d235d850","FullyQualifiedName":"MemorialAPITest.Controllers.UsersControllerTest.CreateUser_Success","DisplayName":"MemorialAPITest.Controllers.UsersControllerTest.CreateUser_Success","ExecutorUri":"executor://xunit/VsTestRunner2/netcoreapp","Source":"D:\\PROJECTS\\.NET\\ApplicationAPI\\MemorialAPITest\\bin\\Debug\\net6.0\\fine-code-coverage\\build-output\\MemorialAPITest.dll","CodeFilePath":null,"LineNumber":0,"Properties":[]},"Attachments":[],"Outcome":1,"ErrorMessage":null,"ErrorStackTrace":null,"DisplayName":"MemorialAPITest.Controllers.UsersControllerTest.CreateUser_Success","Messages":[],"ComputerName":"DESKTOP-4CKBO3L","Duration":"00:00:00.0016392","StartTime":"2023-09-04T01:59:03.3281864+00:00","EndTime":"2023-09-04T01:59:03.3281865+00:00","Properties":[]},{"TestCase":{"Id":"efe8cf84-2d0a-774c-d27b-43a055cb31fd","FullyQualifiedName":"MemorialAPITest.Controllers.UsersControllerTest.CreateUser_Error","DisplayName":"MemorialAPITest.Controllers.UsersControllerTest.CreateUser_Error","ExecutorUri":"executor://xunit/VsTestRunner2/netcoreapp","Source":"D:\\PROJECTS\\.NET\\ApplicationAPI\\MemorialAPITest\\bin\\Debug\\net6.0\\fine-code-coverage\\build-output\\MemorialAPITest.dll","CodeFilePath":null,"LineNumber":0,"Properties":[]},"Attachments":[],"Outcome":1,"ErrorMessage":null,"ErrorStackTrace":null,"DisplayName":"MemorialAPITest.Controllers.UsersControllerTest.CreateUser_Error","Messages":[],"ComputerName":"DESKTOP-4CKBO3L","Duration":"00:00:00.0004665","StartTime":"2023-09-04T01:59:03.3295604+00:00","EndTime":"2023-09-04T01:59:03.3295605+00:00","Properties":[]}],"TestRunStatistics":{"ExecutedTests":4,"Stats":{"Passed":4}},"ActiveTests":[]},"RunAttachments":[],"ExecutorUris":["executor://xunit/VsTestRunner2/netcoreapp"]}}
TpTrace Verbose: 0 : 12556, 7, 2023/09/04, 07:29:03.368, 50411938189, vstest.console.dll, TestRequestSender.EndSession: Sending end session.
TpTrace Verbose: 0 : 12556, 7, 2023/09/04, 07:29:03.368, 50411939530, vstest.console.dll, ProxyOperationManager.Close: waiting for test host to exit for 100 ms
TpTrace Verbose: 0 : 12556, 12, 2023/09/04, 07:29:03.387, 50412129874, vstest.console.dll, TestHostManagerCallbacks.ctor: Experimental forwarding output is disabled.
TpTrace Warning: 0 : 12556, 12, 2023/09/04, 07:29:03.387, 50412130726, vstest.console.dll, TestHostManagerCallbacks.ErrorReceivedCallback Test host standard error line: 
TpTrace Verbose: 0 : 12556, 12, 2023/09/04, 07:29:03.398, 50412240987, vstest.console.dll, TestHostProvider.ExitCallBack: Host exited starting callback.
TpTrace Information: 0 : 12556, 12, 2023/09/04, 07:29:03.398, 50412242440, vstest.console.dll, TestHostManagerCallbacks.ExitCallBack: Testhost processId: 5788 exited with exitcode: 0 error: ''
TpTrace Verbose: 0 : 12556, 12, 2023/09/04, 07:29:03.398, 50412242839, vstest.console.dll, DotnetTestHostManager.OnHostExited: invoking OnHostExited callback
TpTrace Verbose: 0 : 12556, 12, 2023/09/04, 07:29:03.398, 50412243257, vstest.console.dll, CrossPlatEngine.TestHostManagerHostExited: calling on client process exit callback.
TpTrace Information: 0 : 12556, 12, 2023/09/04, 07:29:03.398, 50412243640, vstest.console.dll, TestRequestSender.OnClientProcessExit: Test host process exited. Standard error: 
TpTrace Information: 0 : 12556, 12, 2023/09/04, 07:29:03.398, 50412243971, vstest.console.dll, SocketServer.Stop: Stop server endPoint: 127.0.0.1:62527
TpTrace Information: 0 : 12556, 12, 2023/09/04, 07:29:03.398, 50412244191, vstest.console.dll, SocketServer.Stop: Cancellation requested. Stopping message loop.
TpTrace Information: 0 : 12556, 7, 2023/09/04, 07:29:03.398, 50412244479, vstest.console.dll, SocketServer.Stop: Stop server endPoint: 127.0.0.1:62527
TpTrace Information: 0 : 12556, 7, 2023/09/04, 07:29:03.398, 50412244918, vstest.console.dll, SocketServer.Stop: Cancellation requested. Stopping message loop.
TpTrace Verbose: 0 : 12556, 12, 2023/09/04, 07:29:03.398, 50412244896, vstest.console.dll, MulticastDelegateUtilities.SafeInvoke: HostProviderEvents.OnHostExited: Invoking callback 1/1 for Microsoft.VisualStudio.TestPlatform.CrossPlatEngine.Client.ProxyOperationManager., took 0 ms.
TpTrace Information: 0 : 12556, 7, 2023/09/04, 07:29:03.398, 50412245285, vstest.console.dll, Closing the connection
TpTrace Verbose: 0 : 12556, 7, 2023/09/04, 07:29:03.399, 50412247169, vstest.console.dll, ProxyDataCollectionManager.InvokeDataCollectionServiceAction: Starting.
TpTrace Information: 0 : 12556, 7, 2023/09/04, 07:29:03.399, 50412247533, vstest.console.dll, ProxyDataCollectionManager.AfterTestRunEnd: Get attachment set and invoked data collectors processId: 2744 port: 62524
TpTrace Verbose: 0 : 12556, 7, 2023/09/04, 07:29:03.399, 50412247877, vstest.console.dll, DataCollectionRequestSender.SendAfterTestRunStartAndGetResult: Send AfterTestRunEnd message with isCancelled: False
TpTrace Verbose: 0 : 12556, 7, 2023/09/04, 07:29:03.405, 50412308091, vstest.console.dll, DataCollectionRequestSender.SendAfterTestRunStartAndGetResult: Received message: (DataCollection.AfterTestRunEndResult) -> {"MessageType":"DataCollection.AfterTestRunEndResult","Payload":{"AttachmentSets":[],"InvokedDataCollectors":[{"Uri":"datacollector://Microsoft/TestPlatform/Extensions/Blame/v1","FriendlyName":"Blame","AssemblyQualifiedName":"Microsoft.TestPlatform.Extensions.BlameDataCollector.BlameCollector, Microsoft.TestPlatform.Extensions.BlameDataCollector, Version=15.0.0.0, Culture=neutral, PublicKeyToken=b03f5f7f11d50a3a","FilePath":"C:\\Program Files\\dotnet\\sdk\\7.0.400\\Extensions\\Microsoft.TestPlatform.Extensions.BlameDataCollector.dll","HasAttachmentProcessor":false}],"Metrics":{}}}
TpTrace Information: 0 : 12556, 7, 2023/09/04, 07:29:03.410, 50412361876, vstest.console.dll, ProxyDataCollectionManager.InvokeDataCollectionServiceAction: Completed.
TpTrace Warning: 0 : 12556, 10, 2023/09/04, 07:29:03.417, 50412430130, vstest.console.dll, DataCollectionLauncher.ErrorReceivedCallback datacollector standard error line: 
TpTrace Information: 0 : 12556, 10, 2023/09/04, 07:29:03.422, 50412477330, vstest.console.dll, DataCollectionLauncher.ExitCallBack: Data collector exited with exitcode: 0 error: ''
TpTrace Verbose: 0 : 12556, 7, 2023/09/04, 07:29:03.459, 50412846245, vstest.console.dll, TestRunRequest:SendTestRunStatsChange: Starting.
TpTrace Verbose: 0 : 12556, 7, 2023/09/04, 07:29:03.459, 50412849314, vstest.console.dll, MulticastDelegateUtilities.SafeInvoke: TestRun.RunStatsChanged: Invoking callbacks was skipped because there are no subscribers.
TpTrace Information: 0 : 12556, 7, 2023/09/04, 07:29:03.459, 50412849655, vstest.console.dll, TestRunRequest:SendTestRunStatsChange: Completed.
TpTrace Verbose: 0 : 12556, 7, 2023/09/04, 07:29:03.459, 50412854438, vstest.console.dll, ParallelProxyExecutionManager: HandlePartialRunComplete: Total completed clients = 1, Run complete = True, Run canceled: False.
TpTrace Verbose: 0 : 12556, 4, 2023/09/04, 07:29:03.460, 50412863359, vstest.console.dll, MulticastDelegateUtilities.SafeInvoke: InternalTestLoggerEvents.SendTestResult: Invoking callback 1/1 for Microsoft.VisualStudio.TestPlatform.CommandLine.Internal.ConsoleLogger., took 1 ms.
TpTrace Verbose: 0 : 12556, 4, 2023/09/04, 07:29:03.460, 50412865202, vstest.console.dll, MulticastDelegateUtilities.SafeInvoke: InternalTestLoggerEvents.SendTestResult: Invoking callback 1/1 for Microsoft.VisualStudio.TestPlatform.CommandLine.Internal.ConsoleLogger., took 0 ms.
TpTrace Verbose: 0 : 12556, 4, 2023/09/04, 07:29:03.460, 50412865712, vstest.console.dll, MulticastDelegateUtilities.SafeInvoke: InternalTestLoggerEvents.SendTestResult: Invoking callback 1/1 for Microsoft.VisualStudio.TestPlatform.CommandLine.Internal.ConsoleLogger., took 0 ms.
TpTrace Verbose: 0 : 12556, 4, 2023/09/04, 07:29:03.461, 50412866067, vstest.console.dll, MulticastDelegateUtilities.SafeInvoke: InternalTestLoggerEvents.SendTestResult: Invoking callback 1/1 for Microsoft.VisualStudio.TestPlatform.CommandLine.Internal.ConsoleLogger., took 0 ms.
TpTrace Verbose: 0 : 12556, 4, 2023/09/04, 07:29:03.466, 50412925247, vstest.console.dll, MulticastDelegateUtilities.SafeInvoke: InternalTestLoggerEvents.SendTestRunComplete: Invoking callback 1/2 for Microsoft.TestPlatform.Extensions.BlameDataCollector.BlameLogger., took 0 ms.
TpTrace Verbose: 0 : 12556, 4, 2023/09/04, 07:29:03.471, 50412969751, vstest.console.dll, MulticastDelegateUtilities.SafeInvoke: InternalTestLoggerEvents.SendTestRunComplete: Invoking callback 2/2 for Microsoft.VisualStudio.TestPlatform.CommandLine.Internal.ConsoleLogger., took 4 ms.
TpTrace Verbose: 0 : 12556, 7, 2023/09/04, 07:29:03.471, 50412971766, vstest.console.dll, TestRunRequest:TestRunComplete: Starting. IsAborted:False IsCanceled:False.
TpTrace Verbose: 0 : 12556, 7, 2023/09/04, 07:29:03.472, 50412981905, vstest.console.dll, TestLoggerManager.HandleTestRunComplete: Ignoring as the object is disposed.
TpTrace Verbose: 0 : 12556, 7, 2023/09/04, 07:29:03.472, 50412983512, vstest.console.dll, MulticastDelegateUtilities.SafeInvoke: TestRun.TestRunComplete: Invoking callback 1/2 for Microsoft.VisualStudio.TestPlatform.CommandLine.TestRunResultAggregator., took 0 ms.
TpTrace Verbose: 0 : 12556, 7, 2023/09/04, 07:29:03.472, 50412984682, vstest.console.dll, MulticastDelegateUtilities.SafeInvoke: TestRun.TestRunComplete: Invoking callback 2/2 for Microsoft.VisualStudio.TestPlatform.CommandLine.Processors.RunTestsArgumentExecutor+TestRunRequestEventsRegistrar., took 0 ms.
TpTrace Information: 0 : 12556, 7, 2023/09/04, 07:29:03.472, 50412985558, vstest.console.dll, TestRunRequest:TestRunComplete: Completed.
TpTrace Verbose: 0 : 12556, 1, 2023/09/04, 07:29:03.473, 50412985777, vstest.console.dll, TestRunRequest.Dispose: Starting.
TpTrace Verbose: 0 : 12556, 7, 2023/09/04, 07:29:03.473, 50412985946, vstest.console.dll, TestRequestSender.SetOperationComplete: Setting operation complete.
TpTrace Information: 0 : 12556, 1, 2023/09/04, 07:29:03.473, 50412986378, vstest.console.dll, TestRunRequest.Dispose: Completed.
TpTrace Information: 0 : 12556, 7, 2023/09/04, 07:29:03.473, 50412986682, vstest.console.dll, SocketServer.Stop: Stop server endPoint: 127.0.0.1:62527
TpTrace Information: 0 : 12556, 1, 2023/09/04, 07:29:03.473, 50412987094, vstest.console.dll, TestRequestManager.RunTests: run tests completed.
TpTrace Information: 0 : 12556, 7, 2023/09/04, 07:29:03.473, 50412987443, vstest.console.dll, SocketServer.Stop: Cancellation requested. Stopping message loop.
TpTrace Verbose: 0 : 12556, 7, 2023/09/04, 07:29:03.473, 50412987849, vstest.console.dll, MulticastDelegateUtilities.SafeInvoke: LengthPrefixCommunicationChannel: MessageReceived: Invoking callback 1/1 for Microsoft.VisualStudio.TestPlatform.CommunicationUtilities.TestRequestSender+<>c__DisplayClass34_0., took 108 ms.
TpTrace Information: 0 : 12556, 1, 2023/09/04, 07:29:03.473, 50412988163, vstest.console.dll, RunTestsArgumentProcessor:Execute: Test run is completed.
TpTrace Information: 0 : 12556, 7, 2023/09/04, 07:29:03.473, 50412988190, vstest.console.dll, SocketServer.PrivateStop: Stopping server endPoint: 127.0.0.1:62527 error: 
TpTrace Verbose: 0 : 12556, 1, 2023/09/04, 07:29:03.473, 50412989512, vstest.console.dll, Executor.Execute: Exiting with exit code of 0
TpTrace Verbose: 0 : 12556, 7, 2023/09/04, 07:29:03.473, 50412991259, vstest.console.dll, LengthPrefixCommunicationChannel.Dispose: Dispose reader and writer.
TpTrace Information: 0 : 12556, 7, 2023/09/04, 07:29:03.473, 50412991787, vstest.console.dll, SocketServer.Stop: Raise disconnected event endPoint: 127.0.0.1:62527 error: 
TpTrace Verbose: 0 : 12556, 7, 2023/09/04, 07:29:03.473, 50412992364, vstest.console.dll, TestRequestSender: OnTestRunAbort: Operation is already complete. Skip error message.
TpTrace Verbose: 0 : 12556, 7, 2023/09/04, 07:29:03.473, 50412992698, vstest.console.dll, MulticastDelegateUtilities.SafeInvoke: SocketServer: ClientDisconnected: Invoking callback 1/1 for Microsoft.VisualStudio.TestPlatform.CommunicationUtilities.TestRequestSender., took 0 ms.
TpTrace Verbose: 0 : 12556, 7, 2023/09/04, 07:29:03.473, 50412992923, vstest.console.dll, TcpClientExtensions.MessageLoopAsync: exiting MessageLoopAsync remoteEndPoint: 127.0.0.1:62528 localEndPoint: 127.0.0.1:62527
